TN:
SF:/home/rampage/Desktop/work/repos/private/@gapi/gapi-core/development/decorators/index.ts
FNF:0
FNH:0
DA:1,7
DA:2,7
DA:3,7
DA:4,7
DA:5,7
DA:6,7
DA:7,7
DA:8,7
DA:9,7
DA:10,7
DA:11,7
DA:12,7
DA:13,7
DA:14,7
DA:15,7
DA:16,7
LF:16
LH:16
BRF:0
BRH:0
end_of_record
TN:
SF:/home/rampage/Desktop/work/repos/private/@gapi/gapi-core/development/decorators/gapi-args/gapi-args.ts
FN:32,Args
FN:33,(anonymous_1)
FN:37,(anonymous_2)
FN:40,(anonymous_3)
FNF:4
FNH:0
FNDA:0,Args
FNDA:0,(anonymous_1)
FNDA:0,(anonymous_2)
FNDA:0,(anonymous_3)
DA:32,7
DA:33,0
DA:34,0
DA:36,0
DA:37,0
DA:38,0
DA:39,0
DA:40,0
DA:41,0
DA:42,0
DA:43,0
DA:45,0
LF:12
LH:1
BRF:0
BRH:0
end_of_record
TN:
SF:/home/rampage/Desktop/work/repos/private/@gapi/gapi-core/development/decorators/gapi-args/index.ts
FNF:0
FNH:0
DA:1,7
LF:1
LH:1
BRF:0
BRH:0
end_of_record
TN:
SF:/home/rampage/Desktop/work/repos/private/@gapi/gapi-core/development/decorators/gapi-controller/gapi-controller.decorator.ts
FNF:0
FNH:0
DA:1,7
LF:1
LH:1
BRF:0
BRH:0
end_of_record
TN:
SF:/home/rampage/Desktop/work/repos/private/@gapi/gapi-core/development/decorators/gapi-controller/gapi-controller.symbol.ts
FNF:0
FNH:0
DA:1,7
LF:1
LH:1
BRF:0
BRH:0
end_of_record
TN:
SF:/home/rampage/Desktop/work/repos/private/@gapi/gapi-core/development/decorators/gapi-controller/index.ts
FNF:0
FNH:0
DA:1,7
DA:2,7
DA:3,7
LF:3
LH:3
BRF:0
BRH:0
end_of_record
TN:
SF:/home/rampage/Desktop/work/repos/private/@gapi/gapi-core/development/decorators/gapi-effect/gapi-effect.ts
FN:5,Effect
FN:8,(anonymous_1)
FN:12,(anonymous_2)
FNF:3
FNH:0
FNDA:0,Effect
FNDA:0,(anonymous_1)
FNDA:0,(anonymous_2)
DA:1,7
DA:2,7
DA:3,7
DA:5,7
DA:6,0
DA:7,0
DA:8,0
DA:9,0
DA:10,0
DA:11,0
DA:12,0
DA:13,0
DA:14,0
DA:15,0
DA:17,0
DA:18,0
LF:16
LH:4
BRF:0
BRH:0
end_of_record
TN:
SF:/home/rampage/Desktop/work/repos/private/@gapi/gapi-core/development/decorators/gapi-effect/index.ts
FNF:0
FNH:0
DA:1,7
LF:1
LH:1
BRF:0
BRH:0
end_of_record
TN:
SF:/home/rampage/Desktop/work/repos/private/@gapi/gapi-core/development/decorators/gapi-injector/gapi-injector.ts
FN:3,Injector
FN:4,(anonymous_1)
FNF:2
FNH:2
FNDA:1,Injector
FNDA:1,(anonymous_1)
DA:1,8
DA:3,8
DA:4,1
DA:5,1
DA:6,1
LF:5
LH:5
BRF:0
BRH:0
end_of_record
TN:
SF:/home/rampage/Desktop/work/repos/private/@gapi/gapi-core/development/decorators/gapi-injector/index.ts
FNF:0
FNH:0
DA:1,7
LF:1
LH:1
BRF:0
BRH:0
end_of_record
TN:
SF:/home/rampage/Desktop/work/repos/private/@gapi/gapi-core/development/decorators/gapi-module/gapi-module.decorator.ts
FN:8,GapiModule
FN:9,(anonymous_1)
FN:11,construct
FN:12,(anonymous_3)
FN:45,(anonymous_4)
FN:52,(anonymous_5)
FNF:6
FNH:0
FNDA:0,GapiModule
FNDA:0,(anonymous_1)
FNDA:0,construct
FNDA:0,(anonymous_3)
FNDA:0,(anonymous_4)
FNDA:0,(anonymous_5)
DA:3,7
DA:4,7
DA:6,7
DA:8,7
DA:9,0
DA:10,0
DA:12,0
DA:13,0
DA:14,0
DA:16,0
DA:17,0
DA:19,0
DA:20,0
DA:22,0
DA:23,0
DA:25,0
DA:26,0
DA:28,0
DA:29,0
DA:31,0
DA:32,0
DA:36,0
DA:37,0
DA:40,0
DA:41,0
DA:42,0
DA:45,0
DA:46,0
DA:48,0
DA:49,0
DA:50,0
DA:51,0
DA:52,0
DA:53,0
DA:54,0
DA:55,0
DA:56,0
DA:58,0
DA:60,0
DA:63,0
LF:40
LH:4
BRDA:13,0,0,0
BRDA:13,0,1,0
BRDA:16,1,0,0
BRDA:16,1,1,0
BRDA:19,2,0,0
BRDA:19,2,1,0
BRDA:22,3,0,0
BRDA:22,3,1,0
BRDA:25,4,0,0
BRDA:25,4,1,0
BRDA:28,5,0,0
BRDA:28,5,1,0
BRDA:31,6,0,0
BRDA:31,6,1,0
BRDA:49,7,0,0
BRDA:49,7,1,0
BRDA:54,8,0,0
BRDA:54,8,1,0
BRDA:60,9,0,0
BRDA:60,9,1,0
BRF:20
BRH:0
end_of_record
TN:
SF:/home/rampage/Desktop/work/repos/private/@gapi/gapi-core/development/decorators/gapi-module/gapi-module.symbol.ts
FNF:0
FNH:0
DA:1,7
LF:1
LH:1
BRF:0
BRH:0
end_of_record
TN:
SF:/home/rampage/Desktop/work/repos/private/@gapi/gapi-core/development/decorators/gapi-module/index.ts
FNF:0
FNH:0
DA:1,7
DA:2,7
DA:3,7
LF:3
LH:3
BRF:0
BRH:0
end_of_record
TN:
SF:/home/rampage/Desktop/work/repos/private/@gapi/gapi-core/development/decorators/gapi-mutation/gapi-mutation.ts
FN:4,Mutation
FN:5,(anonymous_1)
FN:9,(anonymous_2)
FNF:3
FNH:3
FNDA:1,Mutation
FNDA:1,(anonymous_1)
FNDA:1,(anonymous_2)
DA:1,7
DA:2,7
DA:4,7
DA:5,1
DA:6,1
DA:7,1
DA:8,1
DA:9,1
DA:10,1
DA:11,1
DA:12,1
DA:13,1
DA:14,1
DA:15,1
DA:16,1
DA:18,1
DA:21,1
LF:17
LH:17
BRDA:12,0,0,1
BRDA:12,0,1,0
BRF:2
BRH:1
end_of_record
TN:
SF:/home/rampage/Desktop/work/repos/private/@gapi/gapi-core/development/decorators/gapi-mutation/index.ts
FNF:0
FNH:0
DA:1,7
LF:1
LH:1
BRF:0
BRH:0
end_of_record
TN:
SF:/home/rampage/Desktop/work/repos/private/@gapi/gapi-core/development/decorators/gapi-object-type/gapi-object-type.ts
FN:9,GapiObjectType
FN:10,(anonymous_1)
FN:14,(anonymous_2)
FN:16,(anonymous_3)
FN:21,(anonymous_4)
FNF:5
FNH:4
FNDA:7,GapiObjectType
FNDA:7,(anonymous_1)
FNDA:11,(anonymous_2)
FNDA:0,(anonymous_3)
FNDA:9,(anonymous_4)
DA:2,7
DA:9,7
DA:10,7
DA:11,7
DA:12,7
DA:13,7
DA:14,11
DA:15,7
DA:16,0
DA:18,7
DA:19,1
DA:21,6
DA:22,9
LF:13
LH:12
BRDA:15,0,0,0
BRDA:15,0,1,7
BRDA:15,1,0,7
BRDA:15,1,1,0
BRDA:18,2,0,1
BRDA:18,2,1,6
BRDA:18,3,0,7
BRDA:18,3,1,1
BRDA:22,4,0,0
BRDA:22,4,1,9
BRDA:22,5,0,9
BRDA:22,5,1,0
BRF:12
BRH:8
end_of_record
TN:
SF:/home/rampage/Desktop/work/repos/private/@gapi/gapi-core/development/decorators/gapi-object-type/index.ts
FNF:0
FNH:0
DA:1,7
LF:1
LH:1
BRF:0
BRH:0
end_of_record
TN:
SF:/home/rampage/Desktop/work/repos/private/@gapi/gapi-core/development/decorators/gapi-of-type/gapi-of-type.decorator.ts
FN:5,OfType
FN:6,(anonymous_7)
FN:11,(anonymous_8)
FN:11,(anonymous_9)
FNF:4
FNH:0
FNDA:0,OfType
FNDA:0,(anonymous_7)
FNDA:0,(anonymous_8)
FNDA:0,(anonymous_9)
DA:1,7
DA:2,7
DA:3,7
DA:5,7
DA:6,0
DA:7,0
DA:8,0
DA:11,0
DA:12,0
DA:13,0
DA:14,0
LF:11
LH:4
BRF:0
BRH:0
end_of_record
TN:
SF:/home/rampage/Desktop/work/repos/private/@gapi/gapi-core/development/decorators/gapi-of-type/index.ts
FNF:0
FNH:0
DA:1,7
LF:1
LH:1
BRF:0
BRH:0
end_of_record
TN:
SF:/home/rampage/Desktop/work/repos/private/@gapi/gapi-core/development/decorators/gapi-public/gapi-public.decorator.ts
FN:4,Public
FN:6,(anonymous_1)
FN:11,(anonymous_2)
FNF:3
FNH:3
FNDA:1,Public
FNDA:1,(anonymous_1)
FNDA:1,(anonymous_2)
DA:1,7
DA:2,7
DA:4,7
DA:5,1
DA:6,1
DA:7,1
DA:8,1
DA:9,1
DA:10,1
DA:11,1
DA:12,1
DA:13,1
DA:14,1
DA:16,1
DA:17,1
LF:15
LH:15
BRF:0
BRH:0
end_of_record
TN:
SF:/home/rampage/Desktop/work/repos/private/@gapi/gapi-core/development/decorators/gapi-public/index.ts
FNF:0
FNH:0
DA:1,7
LF:1
LH:1
BRF:0
BRH:0
end_of_record
TN:
SF:/home/rampage/Desktop/work/repos/private/@gapi/gapi-core/development/decorators/gapi-query/gapi-query.ts
FN:4,Query
FN:5,(anonymous_1)
FN:9,(anonymous_2)
FNF:3
FNH:3
FNDA:5,Query
FNDA:5,(anonymous_1)
FNDA:5,(anonymous_2)
DA:1,7
DA:2,7
DA:4,7
DA:5,5
DA:6,5
DA:7,5
DA:8,5
DA:9,5
DA:10,5
DA:11,5
DA:12,5
DA:13,5
DA:14,5
DA:15,5
DA:16,5
DA:18,5
DA:21,5
LF:17
LH:17
BRDA:12,0,0,1
BRDA:12,0,1,4
BRF:2
BRH:2
end_of_record
TN:
SF:/home/rampage/Desktop/work/repos/private/@gapi/gapi-core/development/decorators/gapi-query/index.ts
FNF:0
FNH:0
DA:1,7
LF:1
LH:1
BRF:0
BRH:0
end_of_record
TN:
SF:/home/rampage/Desktop/work/repos/private/@gapi/gapi-core/development/decorators/gapi-resolver/gapi-resolver.decorator.ts
FN:9,Resolve
FN:10,(anonymous_1)
FNF:2
FNH:0
FNDA:0,Resolve
FNDA:0,(anonymous_1)
DA:9,7
DA:10,0
DA:11,0
DA:12,0
DA:13,0
DA:14,0
DA:15,0
DA:16,0
LF:8
LH:1
BRDA:13,0,0,0
BRDA:13,0,1,0
BRF:2
BRH:0
end_of_record
TN:
SF:/home/rampage/Desktop/work/repos/private/@gapi/gapi-core/development/decorators/gapi-resolver/index.ts
FNF:0
FNH:0
DA:1,7
LF:1
LH:1
BRF:0
BRH:0
end_of_record
TN:
SF:/home/rampage/Desktop/work/repos/private/@gapi/gapi-core/development/decorators/gapi-scope/gapi-scope.ts
FN:4,Scope
FN:7,(anonymous_1)
FN:12,(anonymous_2)
FNF:3
FNH:3
FNDA:3,Scope
FNDA:3,(anonymous_1)
FNDA:3,(anonymous_2)
DA:1,7
DA:2,7
DA:4,7
DA:5,3
DA:7,3
DA:8,3
DA:9,3
DA:10,3
DA:11,3
DA:12,3
DA:13,3
DA:14,3
DA:15,3
DA:17,3
DA:18,3
LF:15
LH:15
BRF:0
BRH:0
end_of_record
TN:
SF:/home/rampage/Desktop/work/repos/private/@gapi/gapi-core/development/decorators/gapi-scope/index.ts
FNF:0
FNH:0
DA:1,7
LF:1
LH:1
BRF:0
BRH:0
end_of_record
TN:
SF:/home/rampage/Desktop/work/repos/private/@gapi/gapi-core/development/decorators/gapi-subscribe/gapi-subscribe.ts
FN:5,Subscribe
FN:7,(anonymous_1)
FN:12,(anonymous_2)
FNF:3
FNH:0
FNDA:0,Subscribe
FNDA:0,(anonymous_1)
FNDA:0,(anonymous_2)
DA:1,7
DA:2,7
DA:5,7
DA:6,0
DA:7,0
DA:8,0
DA:9,0
DA:10,0
DA:11,0
DA:12,0
DA:13,0
DA:14,0
DA:15,0
DA:17,0
DA:18,0
LF:15
LH:3
BRF:0
BRH:0
end_of_record
TN:
SF:/home/rampage/Desktop/work/repos/private/@gapi/gapi-core/development/decorators/gapi-subscribe/index.ts
FNF:0
FNH:0
DA:1,7
LF:1
LH:1
BRF:0
BRH:0
end_of_record
TN:
SF:/home/rampage/Desktop/work/repos/private/@gapi/gapi-core/development/decorators/gapi-subscription/gapi-subscription.ts
FN:5,Subscription
FN:6,(anonymous_1)
FN:10,(anonymous_2)
FNF:3
FNH:0
FNDA:0,Subscription
FNDA:0,(anonymous_1)
FNDA:0,(anonymous_2)
DA:1,7
DA:2,7
DA:5,7
DA:6,0
DA:7,0
DA:8,0
DA:9,0
DA:10,0
DA:11,0
DA:12,0
DA:13,0
DA:14,0
DA:15,0
DA:16,0
DA:17,0
DA:19,0
DA:22,0
LF:17
LH:3
BRDA:13,0,0,0
BRDA:13,0,1,0
BRF:2
BRH:0
end_of_record
TN:
SF:/home/rampage/Desktop/work/repos/private/@gapi/gapi-core/development/decorators/gapi-subscription/index.ts
FNF:0
FNH:0
DA:1,7
LF:1
LH:1
BRF:0
BRH:0
end_of_record
TN:
SF:/home/rampage/Desktop/work/repos/private/@gapi/gapi-core/development/decorators/gapi-type/gapi-type.ts
FN:4,Type
FN:10,(anonymous_1)
FN:14,(anonymous_2)
FNF:3
FNH:3
FNDA:4,Type
FNDA:4,(anonymous_1)
FNDA:4,(anonymous_2)
DA:1,7
DA:2,7
DA:4,7
DA:5,4
DA:6,4
DA:7,4
DA:9,4
DA:10,4
DA:11,4
DA:12,4
DA:13,4
DA:14,4
DA:15,4
DA:16,4
DA:17,4
DA:19,4
DA:20,4
LF:17
LH:17
BRDA:6,0,0,4
BRDA:6,0,1,0
BRF:2
BRH:1
end_of_record
TN:
SF:/home/rampage/Desktop/work/repos/private/@gapi/gapi-core/development/decorators/gapi-type/index.ts
FNF:0
FNH:0
DA:1,7
LF:1
LH:1
BRF:0
BRH:0
end_of_record
TN:
SF:/home/rampage/Desktop/work/repos/private/@gapi/gapi-core/development/decorators/gapi-type-injector/gapi-type-injector.ts
FN:3,InjectTypePrivate
FN:12,TypeInjector
FN:13,(anonymous_2)
FN:19,InjectType
FNF:4
FNH:2
FNDA:3,InjectTypePrivate
FNDA:0,TypeInjector
FNDA:0,(anonymous_2)
FNDA:3,InjectType
DA:1,7
DA:4,3
DA:5,3
DA:6,1
DA:8,3
DA:12,7
DA:13,0
DA:14,0
DA:15,0
DA:19,7
DA:20,3
LF:11
LH:8
BRDA:5,0,0,1
BRDA:5,0,1,2
BRF:2
BRH:2
end_of_record
TN:
SF:/home/rampage/Desktop/work/repos/private/@gapi/gapi-core/development/decorators/gapi-type-injector/index.ts
FNF:0
FNH:0
DA:1,7
LF:1
LH:1
BRF:0
BRH:0
end_of_record
TN:
SF:/home/rampage/Desktop/work/repos/private/@gapi/gapi-core/development/utils/container/Container.ts
FN:39,(anonymous_0)
FN:43,(anonymous_1)
FN:74,(anonymous_2)
FN:100,(anonymous_3)
FN:120,(anonymous_4)
FN:152,(anonymous_5)
FN:160,(anonymous_6)
FN:168,(anonymous_7)
FN:170,(anonymous_8)
FN:178,(anonymous_9)
FN:186,(anonymous_10)
FN:194,(anonymous_11)
FNF:12
FNH:4
FNDA:47,(anonymous_0)
FNDA:0,(anonymous_1)
FNDA:7,(anonymous_2)
FNDA:47,(anonymous_3)
FNDA:0,(anonymous_4)
FNDA:37,(anonymous_5)
FNDA:0,(anonymous_6)
FNDA:0,(anonymous_7)
FNDA:0,(anonymous_8)
FNDA:0,(anonymous_9)
FNDA:0,(anonymous_10)
FNDA:0,(anonymous_11)
DA:6,8
DA:11,8
DA:20,8
DA:25,8
DA:30,8
DA:40,47
DA:41,47
DA:43,0
DA:44,0
DA:45,0
DA:46,0
DA:49,0
DA:75,7
DA:101,47
DA:121,0
DA:153,37
DA:154,37
DA:161,0
DA:162,0
DA:169,0
DA:170,0
DA:171,0
DA:172,0
DA:173,0
DA:177,0
DA:178,0
DA:180,0
DA:187,0
DA:188,0
DA:195,0
LF:30
LH:11
BRDA:40,0,0,47
BRDA:40,0,1,0
BRDA:44,1,0,0
BRDA:44,1,1,0
BRDA:169,2,0,0
BRDA:169,2,1,0
BRDA:171,3,0,0
BRDA:171,3,1,0
BRF:8
BRH:1
end_of_record
TN:
SF:/home/rampage/Desktop/work/repos/private/@gapi/gapi-core/development/utils/container/ContainerInstance.ts
FN:40,(anonymous_0)
FN:70,(anonymous_1)
FN:96,(anonymous_2)
FN:135,(anonymous_3)
FN:136,(anonymous_4)
FN:171,(anonymous_5)
FN:173,(anonymous_6)
FN:198,(anonymous_7)
FN:199,(anonymous_8)
FN:200,(anonymous_9)
FN:210,(anonymous_10)
FN:222,(anonymous_11)
FN:223,(anonymous_12)
FN:237,(anonymous_13)
FN:238,(anonymous_14)
FN:252,(anonymous_15)
FN:297,(anonymous_16)
FN:342,(anonymous_17)
FN:343,(anonymous_18)
FN:344,(anonymous_19)
FN:359,(anonymous_20)
FN:366,(anonymous_21)
FN:367,(anonymous_22)
FNF:23
FNH:8
FNDA:8,(anonymous_0)
FNDA:7,(anonymous_1)
FNDA:47,(anonymous_2)
FNDA:0,(anonymous_3)
FNDA:0,(anonymous_4)
FNDA:42,(anonymous_5)
FNDA:0,(anonymous_6)
FNDA:0,(anonymous_7)
FNDA:0,(anonymous_8)
FNDA:0,(anonymous_9)
FNDA:0,(anonymous_10)
FNDA:0,(anonymous_11)
FNDA:0,(anonymous_12)
FNDA:138,(anonymous_13)
FNDA:420,(anonymous_14)
FNDA:47,(anonymous_15)
FNDA:0,(anonymous_16)
FNDA:0,(anonymous_17)
FNDA:0,(anonymous_18)
FNDA:0,(anonymous_19)
FNDA:0,(anonymous_20)
FNDA:31,(anonymous_21)
FNDA:0,(anonymous_22)
DA:3,8
DA:5,8
DA:6,8
DA:7,8
DA:9,8
DA:10,8
DA:16,8
DA:34,8
DA:41,8
DA:71,7
DA:98,47
DA:99,47
DA:100,47
DA:102,47
DA:103,0
DA:105,47
DA:106,40
DA:108,7
DA:109,0
DA:110,0
DA:111,0
DA:112,0
DA:113,0
DA:116,7
DA:136,0
DA:172,42
DA:173,0
DA:174,0
DA:176,42
DA:177,5
DA:179,37
DA:180,0
DA:184,37
DA:185,37
DA:186,37
DA:187,0
DA:189,37
DA:192,37
DA:199,0
DA:200,0
DA:201,0
DA:204,0
DA:211,0
DA:212,0
DA:223,0
DA:224,0
DA:225,0
DA:227,0
DA:228,0
DA:230,0
DA:238,138
DA:239,420
DA:240,34
DA:242,386
DA:243,224
DA:245,162
DA:255,47
DA:256,16
DA:260,31
DA:263,0
DA:266,31
DA:267,31
DA:268,24
DA:270,7
DA:271,0
DA:273,7
DA:274,7
DA:278,31
DA:279,7
DA:280,0
DA:282,7
DA:283,7
DA:287,31
DA:288,31
DA:292,31
DA:297,0
DA:299,0
DA:302,0
DA:305,0
DA:309,31
DA:310,0
DA:312,31
DA:317,31
DA:319,31
DA:321,31
DA:322,4
DA:325,31
DA:326,0
DA:330,31
DA:331,31
DA:333,31
DA:334,31
DA:336,31
DA:343,0
DA:344,0
DA:345,0
DA:346,0
DA:348,0
DA:349,0
DA:352,0
DA:360,0
DA:367,31
DA:368,0
DA:369,0
DA:370,0
DA:372,0
LF:106
LH:62
BRDA:102,0,0,0
BRDA:102,0,1,47
BRDA:102,1,0,47
BRDA:102,1,1,40
BRDA:105,2,0,40
BRDA:105,2,1,7
BRDA:108,3,0,0
BRDA:108,3,1,7
BRDA:108,4,0,7
BRDA:108,4,1,0
BRDA:172,5,0,0
BRDA:172,5,1,42
BRDA:176,6,0,5
BRDA:176,6,1,37
BRDA:176,7,0,42
BRDA:176,7,1,37
BRDA:179,8,0,0
BRDA:179,8,1,37
BRDA:186,9,0,0
BRDA:186,9,1,37
BRDA:186,10,0,37
BRDA:186,10,1,0
BRDA:224,11,0,0
BRDA:224,11,1,0
BRDA:227,12,0,0
BRDA:227,12,1,0
BRDA:227,13,0,0
BRDA:227,13,1,0
BRDA:228,14,0,0
BRDA:228,14,1,0
BRDA:239,15,0,34
BRDA:239,15,1,386
BRDA:242,16,0,224
BRDA:242,16,1,162
BRDA:242,17,0,386
BRDA:242,17,1,386
BRDA:255,18,0,16
BRDA:255,18,1,31
BRDA:255,19,0,47
BRDA:255,19,1,40
BRDA:255,19,2,40
BRDA:260,20,0,0
BRDA:260,20,1,31
BRDA:260,21,0,31
BRDA:260,21,1,24
BRDA:260,21,2,7
BRDA:260,21,3,0
BRDA:260,21,4,7
BRDA:260,21,5,7
BRDA:267,22,0,24
BRDA:267,22,1,7
BRDA:267,23,0,31
BRDA:267,23,1,24
BRDA:270,24,0,0
BRDA:270,24,1,7
BRDA:270,25,0,7
BRDA:270,25,1,0
BRDA:273,26,0,7
BRDA:273,26,1,0
BRDA:278,27,0,7
BRDA:278,27,1,24
BRDA:279,28,0,0
BRDA:279,28,1,7
BRDA:287,29,0,29
BRDA:287,29,1,2
BRDA:287,30,0,31
BRDA:287,30,1,31
BRDA:287,30,2,31
BRDA:288,31,0,0
BRDA:288,31,1,31
BRDA:292,32,0,0
BRDA:292,32,1,31
BRDA:299,33,0,0
BRDA:299,33,1,0
BRDA:309,34,0,0
BRDA:309,34,1,31
BRDA:321,35,0,4
BRDA:321,35,1,27
BRDA:325,36,0,0
BRDA:325,36,1,31
BRDA:330,37,0,31
BRDA:330,37,1,0
BRDA:330,38,0,31
BRDA:330,38,1,31
BRDA:330,38,2,31
BRDA:333,39,0,31
BRDA:333,39,1,0
BRDA:344,40,0,0
BRDA:344,40,1,0
BRDA:345,41,0,0
BRDA:345,41,1,0
BRDA:348,42,0,0
BRDA:348,42,1,0
BRDA:348,43,0,0
BRDA:348,43,1,0
BRDA:348,43,2,0
BRDA:368,44,0,0
BRDA:368,44,1,0
BRDA:369,45,0,0
BRDA:369,45,1,0
BRDA:369,46,0,0
BRDA:369,46,1,0
BRF:102
BRH:58
end_of_record
TN:
SF:/home/rampage/Desktop/work/repos/private/@gapi/gapi-core/development/utils/container/Token.ts
FN:10,(anonymous_0)
FNF:1
FNH:0
FNDA:0,(anonymous_0)
DA:5,8
DA:10,0
DA:15,8
LF:3
LH:2
BRF:0
BRH:0
end_of_record
TN:
SF:/home/rampage/Desktop/work/repos/private/@gapi/gapi-core/development/utils/container/index.ts
FNF:0
FNH:0
DA:1,8
DA:3,8
DA:4,8
DA:5,8
DA:6,8
DA:7,8
DA:8,8
DA:9,8
DA:10,8
DA:11,8
DA:12,8
DA:13,8
DA:14,8
DA:15,8
DA:16,8
DA:17,8
LF:16
LH:16
BRF:0
BRH:0
end_of_record
TN:
SF:/home/rampage/Desktop/work/repos/private/@gapi/gapi-core/development/utils/container/decorators/GapiController.ts
FN:8,GapiController
FN:9,(anonymous_1)
FNF:2
FNH:2
FNDA:4,GapiController
FNDA:4,(anonymous_1)
DA:4,8
DA:5,8
DA:8,8
DA:9,4
DA:10,4
DA:11,4
DA:12,4
DA:16,4
DA:17,0
DA:18,0
DA:19,0
DA:21,4
DA:22,0
DA:23,0
DA:24,0
DA:25,0
DA:26,0
DA:28,4
LF:18
LH:10
BRDA:16,0,0,0
BRDA:16,0,1,4
BRDA:16,1,0,4
BRDA:16,1,1,4
BRDA:18,2,0,0
BRDA:18,2,1,0
BRDA:21,3,0,0
BRDA:21,3,1,4
BRDA:25,4,0,0
BRDA:25,4,1,0
BRF:10
BRH:4
end_of_record
TN:
SF:/home/rampage/Desktop/work/repos/private/@gapi/gapi-core/development/utils/container/decorators/GapiEffect.ts
FN:7,GapiEffect
FN:8,(anonymous_1)
FNF:2
FNH:0
FNDA:0,GapiEffect
FNDA:0,(anonymous_1)
DA:4,8
DA:5,8
DA:7,8
DA:8,0
DA:9,0
DA:10,0
DA:11,0
DA:15,0
DA:16,0
DA:17,0
DA:18,0
DA:20,0
DA:21,0
DA:22,0
DA:23,0
DA:24,0
DA:25,0
DA:27,0
LF:18
LH:3
BRDA:15,0,0,0
BRDA:15,0,1,0
BRDA:15,1,0,0
BRDA:15,1,1,0
BRDA:17,2,0,0
BRDA:17,2,1,0
BRDA:20,3,0,0
BRDA:20,3,1,0
BRDA:24,4,0,0
BRDA:24,4,1,0
BRF:10
BRH:0
end_of_record
TN:
SF:/home/rampage/Desktop/work/repos/private/@gapi/gapi-core/development/utils/container/decorators/GapiHapiPlugin.ts
FN:12,GapiHapiPlugin
FN:13,(anonymous_1)
FNF:2
FNH:0
FNDA:0,GapiHapiPlugin
FNDA:0,(anonymous_1)
DA:4,8
DA:5,8
DA:12,8
DA:13,0
DA:14,0
DA:15,0
DA:16,0
DA:20,0
DA:21,0
DA:22,0
DA:23,0
DA:25,0
DA:26,0
DA:27,0
DA:28,0
DA:29,0
DA:30,0
DA:32,0
LF:18
LH:3
BRDA:20,0,0,0
BRDA:20,0,1,0
BRDA:20,1,0,0
BRDA:20,1,1,0
BRDA:22,2,0,0
BRDA:22,2,1,0
BRDA:25,3,0,0
BRDA:25,3,1,0
BRDA:29,4,0,0
BRDA:29,4,1,0
BRF:10
BRH:0
end_of_record
TN:
SF:/home/rampage/Desktop/work/repos/private/@gapi/gapi-core/development/utils/container/decorators/Inject.ts
FN:24,Inject
FN:25,(anonymous_1)
FN:27,(anonymous_2)
FN:33,(anonymous_3)
FNF:4
FNH:0
FNDA:0,Inject
FNDA:0,(anonymous_1)
FNDA:0,(anonymous_2)
FNDA:0,(anonymous_3)
DA:1,8
DA:2,8
DA:3,8
DA:24,8
DA:25,0
DA:26,0
DA:27,0
DA:29,0
DA:35,0
DA:36,0
DA:38,0
DA:39,0
DA:42,0
DA:45,0
DA:46,0
DA:48,0
LF:16
LH:4
BRDA:26,0,0,0
BRDA:26,0,1,0
BRDA:35,1,0,0
BRDA:35,1,1,0
BRDA:38,2,0,0
BRDA:38,2,1,0
BRDA:45,3,0,0
BRDA:45,3,1,0
BRF:8
BRH:0
end_of_record
TN:
SF:/home/rampage/Desktop/work/repos/private/@gapi/gapi-core/development/utils/container/decorators/InjectMany.ts
FN:23,InjectMany
FN:24,(anonymous_1)
FN:27,(anonymous_2)
FN:33,(anonymous_3)
FNF:4
FNH:0
FNDA:0,InjectMany
FNDA:0,(anonymous_1)
FNDA:0,(anonymous_2)
FNDA:0,(anonymous_3)
DA:1,8
DA:2,8
DA:3,8
DA:23,8
DA:24,0
DA:26,0
DA:27,0
DA:29,0
DA:35,0
DA:36,0
DA:38,0
DA:39,0
DA:42,0
DA:45,0
DA:46,0
DA:48,0
LF:16
LH:4
BRDA:26,0,0,0
BRDA:26,0,1,0
BRDA:35,1,0,0
BRDA:35,1,1,0
BRDA:38,2,0,0
BRDA:38,2,1,0
BRDA:45,3,0,0
BRDA:45,3,1,0
BRF:8
BRH:0
end_of_record
TN:
SF:/home/rampage/Desktop/work/repos/private/@gapi/gapi-core/development/utils/container/decorators/Service.ts
FN:30,Service
FN:31,(anonymous_1)
FNF:2
FNH:2
FNDA:28,Service
FNDA:28,(anonymous_1)
DA:2,8
DA:4,8
DA:30,8
DA:31,28
DA:33,28
DA:37,28
DA:38,0
DA:39,0
DA:40,0
DA:41,0
DA:43,28
DA:44,0
DA:45,0
DA:46,0
DA:47,0
DA:48,0
DA:51,28
LF:17
LH:8
BRDA:37,0,0,0
BRDA:37,0,1,28
BRDA:37,1,0,28
BRDA:37,1,1,28
BRDA:40,2,0,0
BRDA:40,2,1,0
BRDA:43,3,0,0
BRDA:43,3,1,28
BRDA:47,4,0,0
BRDA:47,4,1,0
BRF:10
BRH:4
end_of_record
TN:
SF:/home/rampage/Desktop/work/repos/private/@gapi/gapi-core/development/utils/container/error/CannotInjectError.ts
FN:7,(anonymous_0)
FNF:1
FNH:0
FNDA:0,(anonymous_0)
DA:4,8
DA:5,0
DA:8,0
DA:12,0
LF:4
LH:1
BRF:0
BRH:0
end_of_record
TN:
SF:/home/rampage/Desktop/work/repos/private/@gapi/gapi-core/development/utils/container/error/MissingProvidedServiceTypeError.ts
FN:7,(anonymous_0)
FNF:1
FNH:0
FNDA:0,(anonymous_0)
DA:4,8
DA:5,0
DA:8,0
DA:9,0
LF:4
LH:1
BRF:0
BRH:0
end_of_record
TN:
SF:/home/rampage/Desktop/work/repos/private/@gapi/gapi-core/development/utils/container/error/ServiceNotFoundError.ts
FN:10,(anonymous_0)
FNF:1
FNH:0
FNDA:0,(anonymous_0)
DA:2,8
DA:7,8
DA:8,0
DA:11,0
DA:13,0
DA:14,0
DA:17,0
DA:18,0
DA:21,0
DA:22,0
DA:26,0
LF:11
LH:2
BRDA:13,0,0,0
BRDA:13,0,1,0
BRDA:17,1,0,0
BRDA:17,1,1,0
BRDA:17,2,0,0
BRDA:17,2,1,0
BRDA:21,3,0,0
BRDA:21,3,1,0
BRF:8
BRH:0
end_of_record
TN:
SF:/home/rampage/Desktop/work/repos/private/@gapi/gapi-core/development/utils/helpers/get-injectables.ts
FN:3,getInjectables
FN:5,(anonymous_1)
FNF:2
FNH:0
FNDA:0,getInjectables
FNDA:0,(anonymous_1)
DA:1,7
DA:3,7
DA:4,0
DA:5,0
DA:6,0
DA:7,0
DA:8,0
DA:9,0
DA:11,0
DA:14,0
LF:10
LH:2
BRDA:6,0,0,0
BRDA:6,0,1,0
BRDA:8,1,0,0
BRDA:8,1,1,0
BRF:4
BRH:0
end_of_record
TN:
SF:/home/rampage/Desktop/work/repos/private/@gapi/gapi-core/development/utils/helpers/import-modules.ts
FN:7,importModules
FN:8,(anonymous_1)
FN:15,(anonymous_2)
FNF:3
FNH:0
FNDA:0,importModules
FNDA:0,(anonymous_1)
FNDA:0,(anonymous_2)
DA:1,7
DA:2,7
DA:3,7
DA:5,7
DA:7,7
DA:8,0
DA:9,0
DA:10,0
DA:12,0
DA:13,0
DA:14,0
DA:15,0
DA:16,0
DA:17,0
DA:18,0
DA:19,0
DA:20,0
DA:22,0
DA:25,0
DA:26,0
DA:27,0
DA:29,0
DA:30,0
LF:23
LH:5
BRDA:9,0,0,0
BRDA:9,0,1,0
BRDA:12,1,0,0
BRDA:12,1,1,0
BRDA:13,2,0,0
BRDA:13,2,1,0
BRDA:13,3,0,0
BRDA:13,3,1,0
BRDA:17,4,0,0
BRDA:17,4,1,0
BRDA:17,5,0,0
BRDA:17,5,1,0
BRDA:19,6,0,0
BRDA:19,6,1,0
BRDA:19,7,0,0
BRDA:19,7,1,0
BRDA:22,8,0,0
BRDA:22,8,1,0
BRDA:26,9,0,0
BRDA:26,9,1,0
BRF:20
BRH:0
end_of_record
TN:
SF:/home/rampage/Desktop/work/repos/private/@gapi/gapi-core/development/utils/helpers/import-plugins.ts
FN:6,importPlugins
FN:7,(anonymous_1)
FNF:2
FNH:0
FNDA:0,importPlugins
FNDA:0,(anonymous_1)
DA:2,7
DA:3,7
DA:4,7
DA:6,7
DA:7,0
DA:8,0
DA:9,0
DA:11,0
DA:14,0
LF:9
LH:4
BRDA:8,0,0,0
BRDA:8,0,1,0
BRF:2
BRH:0
end_of_record
TN:
SF:/home/rampage/Desktop/work/repos/private/@gapi/gapi-core/development/utils/helpers/index.ts
FNF:0
FNH:0
DA:1,7
DA:2,7
DA:3,7
LF:3
LH:3
BRF:0
BRH:0
end_of_record
TN:
SF:/home/rampage/Desktop/work/repos/private/@gapi/gapi-core/development/utils/services/controller-service/controller-config.ts
FN:3,(anonymous_0)
FNF:1
FNH:1
FNDA:6,(anonymous_0)
DA:3,7
DA:4,6
LF:2
LH:2
BRF:0
BRH:0
end_of_record
TN:
SF:/home/rampage/Desktop/work/repos/private/@gapi/gapi-core/development/utils/services/controller-service/controller-hooks.ts
FN:2,(anonymous_0)
FN:5,(anonymous_1)
FN:7,(anonymous_2)
FN:11,(anonymous_3)
FN:19,(anonymous_4)
FNF:5
FNH:2
FNDA:8,(anonymous_0)
FNDA:0,(anonymous_1)
FNDA:4,(anonymous_2)
FNDA:0,(anonymous_3)
FNDA:0,(anonymous_4)
DA:2,8
DA:3,8
DA:8,4
DA:12,0
DA:13,0
DA:15,0
DA:20,0
DA:24,8
LF:8
LH:4
BRDA:12,0,0,0
BRDA:12,0,1,0
BRF:2
BRH:0
end_of_record
TN:
SF:/home/rampage/Desktop/work/repos/private/@gapi/gapi-core/development/utils/services/controller-service/controller-mapping.ts
FN:11,(anonymous_0)
FN:16,(anonymous_1)
FN:20,(anonymous_2)
FN:24,(anonymous_3)
FN:28,(anonymous_4)
FNF:5
FNH:2
FNDA:6,(anonymous_0)
FNDA:0,(anonymous_1)
FNDA:14,(anonymous_2)
FNDA:0,(anonymous_3)
FNDA:0,(anonymous_4)
DA:1,7
DA:2,7
DA:5,7
DA:7,6
DA:9,6
DA:10,6
DA:12,6
DA:13,6
DA:17,0
DA:21,14
DA:25,0
DA:29,0
LF:12
LH:9
BRF:0
BRH:0
end_of_record
TN:
SF:/home/rampage/Desktop/work/repos/private/@gapi/gapi-core/development/utils/services/controller-service/controller.service.ts
FN:4,(anonymous_1)
FN:7,(anonymous_2)
FN:14,(anonymous_3)
FN:24,(anonymous_4)
FNF:4
FNH:2
FNDA:6,(anonymous_1)
FNDA:0,(anonymous_2)
FNDA:14,(anonymous_3)
FNDA:0,(anonymous_4)
DA:1,7
DA:2,7
DA:5,7
DA:6,6
DA:8,0
DA:9,0
DA:11,0
DA:15,14
DA:16,8
DA:18,6
DA:19,6
DA:25,0
LF:12
LH:8
BRDA:8,0,0,0
BRDA:8,0,1,0
BRDA:15,1,0,8
BRDA:15,1,1,6
BRF:4
BRH:2
end_of_record
TN:
SF:/home/rampage/Desktop/work/repos/private/@gapi/gapi-core/development/utils/services/effect-hook/effect-hooks.ts
FN:2,(anonymous_0)
FN:5,(anonymous_1)
FN:7,(anonymous_2)
FN:11,(anonymous_3)
FN:19,(anonymous_4)
FNF:5
FNH:1
FNDA:8,(anonymous_0)
FNDA:0,(anonymous_1)
FNDA:0,(anonymous_2)
FNDA:0,(anonymous_3)
FNDA:0,(anonymous_4)
DA:2,8
DA:3,8
DA:8,0
DA:12,0
DA:13,0
DA:15,0
DA:20,0
DA:24,8
LF:8
LH:3
BRDA:12,0,0,0
BRDA:12,0,1,0
BRF:2
BRH:0
end_of_record
TN:
SF:/home/rampage/Desktop/work/repos/private/@gapi/gapi-core/development/utils/services/events/events-layer.service.ts
FN:12,(anonymous_1)
FN:19,(anonymous_2)
FN:23,(anonymous_3)
FN:31,(anonymous_4)
FN:45,(anonymous_5)
FN:52,(anonymous_6)
FN:54,(anonymous_7)
FN:59,(anonymous_8)
FN:61,(anonymous_9)
FN:64,(anonymous_10)
FN:67,(anonymous_11)
FN:69,(anonymous_12)
FN:72,(anonymous_13)
FN:75,(anonymous_14)
FN:77,(anonymous_15)
FN:83,(anonymous_16)
FN:86,(anonymous_17)
FN:87,(anonymous_18)
FN:88,(anonymous_19)
FN:89,(anonymous_20)
FNF:20
FNH:0
FNDA:0,(anonymous_1)
FNDA:0,(anonymous_2)
FNDA:0,(anonymous_3)
FNDA:0,(anonymous_4)
FNDA:0,(anonymous_5)
FNDA:0,(anonymous_6)
FNDA:0,(anonymous_7)
FNDA:0,(anonymous_8)
FNDA:0,(anonymous_9)
FNDA:0,(anonymous_10)
FNDA:0,(anonymous_11)
FNDA:0,(anonymous_12)
FNDA:0,(anonymous_13)
FNDA:0,(anonymous_14)
FNDA:0,(anonymous_15)
FNDA:0,(anonymous_16)
FNDA:0,(anonymous_17)
FNDA:0,(anonymous_18)
FNDA:0,(anonymous_19)
FNDA:0,(anonymous_20)
DA:1,7
DA:2,7
DA:3,7
DA:5,7
DA:8,7
DA:13,7
DA:15,0
DA:16,0
DA:17,0
DA:20,0
DA:24,0
DA:25,0
DA:26,0
DA:28,0
DA:32,0
DA:33,0
DA:34,0
DA:36,0
DA:37,0
DA:38,0
DA:39,0
DA:40,0
DA:41,0
DA:42,0
DA:46,0
DA:47,0
DA:48,0
DA:53,0
DA:54,0
DA:55,0
DA:60,0
DA:61,0
DA:64,0
DA:68,0
DA:69,0
DA:73,0
DA:74,0
DA:75,0
DA:76,0
DA:77,0
DA:78,0
DA:80,0
DA:85,0
DA:87,0
DA:88,0
DA:89,0
DA:90,0
LF:47
LH:6
BRDA:25,0,0,0
BRDA:25,0,1,0
BRDA:33,1,0,0
BRDA:33,1,1,0
BRDA:36,2,0,0
BRDA:36,2,1,0
BRDA:37,3,0,0
BRDA:37,3,1,0
BRDA:47,4,0,0
BRDA:47,4,1,0
BRDA:47,5,0,0
BRDA:47,5,1,0
BRDA:62,6,0,0
BRDA:62,6,1,0
BRF:14
BRH:0
end_of_record
TN:
SF:/home/rampage/Desktop/work/repos/private/@gapi/gapi-core/development/utils/services/events/events-layer.ts
FN:17,(anonymous_0)
FN:13,(anonymous_1)
FN:23,(anonymous_2)
FN:29,(anonymous_3)
FN:30,(anonymous_4)
FN:33,(anonymous_5)
FN:39,(anonymous_6)
FN:47,(anonymous_7)
FN:50,(anonymous_8)
FN:56,(anonymous_9)
FN:58,(anonymous_10)
FN:61,(anonymous_11)
FN:64,(anonymous_12)
FN:65,(anonymous_13)
FN:70,(anonymous_14)
FN:71,(anonymous_15)
FN:71,(anonymous_16)
FN:74,(anonymous_17)
FN:76,(anonymous_18)
FN:77,(anonymous_19)
FNF:20
FNH:0
FNDA:0,(anonymous_0)
FNDA:0,(anonymous_1)
FNDA:0,(anonymous_2)
FNDA:0,(anonymous_3)
FNDA:0,(anonymous_4)
FNDA:0,(anonymous_5)
FNDA:0,(anonymous_6)
FNDA:0,(anonymous_7)
FNDA:0,(anonymous_8)
FNDA:0,(anonymous_9)
FNDA:0,(anonymous_10)
FNDA:0,(anonymous_11)
FNDA:0,(anonymous_12)
FNDA:0,(anonymous_13)
FNDA:0,(anonymous_14)
FNDA:0,(anonymous_15)
FNDA:0,(anonymous_16)
FNDA:0,(anonymous_17)
FNDA:0,(anonymous_18)
FNDA:0,(anonymous_19)
DA:2,7
DA:3,7
DA:6,7
DA:8,0
DA:11,0
DA:14,0
DA:18,0
DA:19,0
DA:20,0
DA:24,0
DA:25,0
DA:30,0
DA:34,0
DA:35,0
DA:40,0
DA:41,0
DA:43,0
DA:48,0
DA:49,0
DA:50,0
DA:51,0
DA:52,0
DA:53,0
DA:57,0
DA:58,0
DA:61,0
DA:65,0
DA:66,0
DA:67,0
DA:71,0
DA:75,0
DA:77,0
DA:78,0
LF:33
LH:3
BRDA:24,0,0,0
BRDA:24,0,1,0
BRDA:34,1,0,0
BRDA:34,1,1,0
BRDA:40,2,0,0
BRDA:40,2,1,0
BRF:6
BRH:0
end_of_record
TN:
SF:/home/rampage/Desktop/work/repos/private/@gapi/gapi-core/development/utils/services/module/module.service.ts
FN:14,(anonymous_7)
FN:19,(anonymous_8)
FN:21,(anonymous_10)
FN:34,(anonymous_11)
FN:35,(anonymous_13)
FN:38,(anonymous_14)
FN:46,(anonymous_15)
FN:57,(anonymous_16)
FN:61,(anonymous_17)
FN:69,(anonymous_18)
FN:78,(anonymous_19)
FN:101,(anonymous_21)
FN:105,(anonymous_22)
FNF:13
FNH:1
FNDA:0,(anonymous_7)
FNDA:0,(anonymous_8)
FNDA:0,(anonymous_10)
FNDA:0,(anonymous_11)
FNDA:0,(anonymous_13)
FNDA:0,(anonymous_14)
FNDA:0,(anonymous_15)
FNDA:7,(anonymous_16)
FNDA:0,(anonymous_17)
FNDA:0,(anonymous_18)
FNDA:0,(anonymous_19)
FNDA:0,(anonymous_21)
FNDA:0,(anonymous_22)
DA:2,7
DA:5,7
DA:6,7
DA:7,7
DA:9,7
DA:12,0
DA:15,0
DA:16,0
DA:20,0
DA:21,0
DA:22,0
DA:23,0
DA:25,0
DA:28,0
DA:29,0
DA:31,0
DA:35,0
DA:36,0
DA:37,0
DA:38,0
DA:39,0
DA:42,0
DA:45,0
DA:46,0
DA:47,0
DA:48,0
DA:50,0
DA:51,0
DA:53,0
DA:58,7
DA:59,7
DA:60,7
DA:62,0
DA:63,0
DA:65,0
DA:70,0
DA:71,0
DA:73,0
DA:74,0
DA:79,0
DA:80,0
DA:82,0
DA:83,0
DA:85,0
DA:86,0
DA:88,0
DA:89,0
DA:91,0
DA:92,0
DA:94,0
DA:95,0
DA:97,0
DA:102,0
DA:103,0
DA:104,0
DA:105,0
DA:109,0
DA:111,0
LF:58
LH:8
BRDA:22,0,0,0
BRDA:22,0,1,0
BRDA:22,1,0,0
BRDA:22,1,1,0
BRDA:39,2,0,0
BRDA:39,2,1,0
BRDA:62,3,0,0
BRDA:62,3,1,0
BRDA:70,4,0,0
BRDA:70,4,1,0
BRDA:79,5,0,0
BRDA:79,5,1,0
BRDA:82,6,0,0
BRDA:82,6,1,0
BRDA:85,7,0,0
BRDA:85,7,1,0
BRDA:88,8,0,0
BRDA:88,8,1,0
BRDA:91,9,0,0
BRDA:91,9,1,0
BRDA:94,10,0,0
BRDA:94,10,1,0
BRDA:102,11,0,0
BRDA:102,11,1,0
BRDA:103,12,0,0
BRDA:103,12,1,0
BRDA:103,13,0,0
BRDA:103,13,1,0
BRDA:111,14,0,0
BRDA:111,14,1,0
BRF:30
BRH:0
end_of_record
TN:
SF:/home/rampage/Desktop/work/repos/private/@gapi/gapi-core/development/utils/services/plugin/plugin.service.ts
FN:5,(anonymous_1)
FN:10,(anonymous_2)
FN:14,(anonymous_3)
FNF:3
FNH:1
FNDA:7,(anonymous_1)
FNDA:0,(anonymous_2)
FNDA:0,(anonymous_3)
DA:1,7
DA:2,7
DA:6,7
DA:8,7
DA:11,0
DA:15,0
LF:6
LH:4
BRF:0
BRH:0
end_of_record
