TN:
SF:/home/rampage/Desktop/work/repos/private/@gapi/gapi-core/development/decorators/index.ts
FNF:0
FNH:0
DA:1,7
DA:2,7
DA:3,7
DA:4,7
DA:5,7
DA:6,7
DA:7,7
DA:8,7
DA:9,7
DA:10,7
DA:11,7
DA:12,7
DA:13,7
DA:14,7
DA:15,7
DA:16,7
LF:16
LH:16
BRF:0
BRH:0
end_of_record
TN:
SF:/home/rampage/Desktop/work/repos/private/@gapi/gapi-core/development/decorators/gapi-args/gapi-args.ts
FN:32,Args
FN:33,(anonymous_1)
FN:37,(anonymous_2)
FN:40,(anonymous_3)
FNF:4
FNH:0
FNDA:0,Args
FNDA:0,(anonymous_1)
FNDA:0,(anonymous_2)
FNDA:0,(anonymous_3)
DA:32,7
DA:33,0
DA:34,0
DA:36,0
DA:37,0
DA:38,0
DA:39,0
DA:40,0
DA:41,0
DA:42,0
DA:43,0
DA:45,0
LF:12
LH:1
BRF:0
BRH:0
end_of_record
TN:
SF:/home/rampage/Desktop/work/repos/private/@gapi/gapi-core/development/decorators/gapi-args/index.ts
FNF:0
FNH:0
DA:1,7
LF:1
LH:1
BRF:0
BRH:0
end_of_record
TN:
SF:/home/rampage/Desktop/work/repos/private/@gapi/gapi-core/development/decorators/gapi-controller/gapi-controller.decorator.ts
FNF:0
FNH:0
DA:1,7
LF:1
LH:1
BRF:0
BRH:0
end_of_record
TN:
SF:/home/rampage/Desktop/work/repos/private/@gapi/gapi-core/development/decorators/gapi-controller/gapi-controller.symbol.ts
FNF:0
FNH:0
DA:1,7
LF:1
LH:1
BRF:0
BRH:0
end_of_record
TN:
SF:/home/rampage/Desktop/work/repos/private/@gapi/gapi-core/development/decorators/gapi-controller/index.ts
FNF:0
FNH:0
DA:1,7
DA:2,7
DA:3,7
LF:3
LH:3
BRF:0
BRH:0
end_of_record
TN:
SF:/home/rampage/Desktop/work/repos/private/@gapi/gapi-core/development/decorators/gapi-effect/gapi-effect.ts
FN:5,Effect
FN:8,(anonymous_1)
FN:12,(anonymous_2)
FNF:3
FNH:0
FNDA:0,Effect
FNDA:0,(anonymous_1)
FNDA:0,(anonymous_2)
DA:1,7
DA:2,7
DA:4,7
DA:5,7
DA:6,0
DA:7,0
DA:8,0
DA:9,0
DA:10,0
DA:11,0
DA:12,0
DA:13,0
DA:14,0
DA:15,0
DA:17,0
DA:18,0
LF:16
LH:4
BRF:0
BRH:0
end_of_record
TN:
SF:/home/rampage/Desktop/work/repos/private/@gapi/gapi-core/development/decorators/gapi-effect/index.ts
FNF:0
FNH:0
DA:1,7
LF:1
LH:1
BRF:0
BRH:0
end_of_record
TN:
SF:/home/rampage/Desktop/work/repos/private/@gapi/gapi-core/development/decorators/gapi-injector/gapi-injector.ts
FN:3,Injector
FN:4,(anonymous_1)
FNF:2
FNH:2
FNDA:1,Injector
FNDA:1,(anonymous_1)
DA:1,8
DA:3,8
DA:4,1
DA:5,1
DA:6,1
LF:5
LH:5
BRF:0
BRH:0
end_of_record
TN:
SF:/home/rampage/Desktop/work/repos/private/@gapi/gapi-core/development/decorators/gapi-injector/index.ts
FNF:0
FNH:0
DA:1,7
LF:1
LH:1
BRF:0
BRH:0
end_of_record
TN:
SF:/home/rampage/Desktop/work/repos/private/@gapi/gapi-core/development/decorators/gapi-module/gapi-module.decorator.ts
FN:14,getInjectables
FN:16,(anonymous_1)
FN:26,importPlugins
FN:27,(anonymous_3)
FN:36,importModules
FN:37,(anonymous_5)
FN:44,(anonymous_6)
FN:50,(anonymous_7)
FN:74,GapiModule
FN:75,(anonymous_9)
FN:77,construct
FN:78,(anonymous_11)
FN:107,(anonymous_12)
FN:115,(anonymous_13)
FNF:14
FNH:0
FNDA:0,getInjectables
FNDA:0,(anonymous_1)
FNDA:0,importPlugins
FNDA:0,(anonymous_3)
FNDA:0,importModules
FNDA:0,(anonymous_5)
FNDA:0,(anonymous_6)
FNDA:0,(anonymous_7)
FNDA:0,GapiModule
FNDA:0,(anonymous_9)
FNDA:0,construct
FNDA:0,(anonymous_11)
FNDA:0,(anonymous_12)
FNDA:0,(anonymous_13)
DA:4,7
DA:5,7
DA:7,7
DA:8,7
DA:11,7
DA:12,7
DA:15,0
DA:16,0
DA:17,0
DA:18,0
DA:20,0
DA:23,0
DA:27,0
DA:28,0
DA:29,0
DA:31,0
DA:37,0
DA:38,0
DA:39,0
DA:41,0
DA:42,0
DA:43,0
DA:44,0
DA:45,0
DA:46,0
DA:47,0
DA:48,0
DA:49,0
DA:50,0
DA:52,0
DA:53,0
DA:55,0
DA:57,0
DA:58,0
DA:60,0
DA:63,0
DA:64,0
DA:65,0
DA:67,0
DA:68,0
DA:74,7
DA:75,0
DA:76,0
DA:78,0
DA:79,0
DA:80,0
DA:82,0
DA:83,0
DA:85,0
DA:86,0
DA:88,0
DA:89,0
DA:91,0
DA:92,0
DA:94,0
DA:95,0
DA:97,0
DA:98,0
DA:99,0
DA:102,0
DA:103,0
DA:104,0
DA:107,0
DA:108,0
DA:109,0
DA:111,0
DA:112,0
DA:113,0
DA:114,0
DA:115,0
DA:116,0
DA:117,0
DA:118,0
DA:120,0
DA:121,0
DA:122,0
DA:124,0
DA:127,0
DA:130,0
LF:79
LH:7
BRDA:17,0,0,0
BRDA:17,0,1,0
BRDA:28,1,0,0
BRDA:28,1,1,0
BRDA:38,2,0,0
BRDA:38,2,1,0
BRDA:41,3,0,0
BRDA:41,3,1,0
BRDA:42,4,0,0
BRDA:42,4,1,0
BRDA:42,5,0,0
BRDA:42,5,1,0
BRDA:46,6,0,0
BRDA:46,6,1,0
BRDA:46,7,0,0
BRDA:46,7,1,0
BRDA:47,8,0,0
BRDA:47,8,1,0
BRDA:48,9,0,0
BRDA:48,9,1,0
BRDA:48,10,0,0
BRDA:48,10,1,0
BRDA:55,11,0,0
BRDA:55,11,1,0
BRDA:57,12,0,0
BRDA:57,12,1,0
BRDA:57,13,0,0
BRDA:57,13,1,0
BRDA:60,14,0,0
BRDA:60,14,1,0
BRDA:64,15,0,0
BRDA:64,15,1,0
BRDA:79,16,0,0
BRDA:79,16,1,0
BRDA:82,17,0,0
BRDA:82,17,1,0
BRDA:85,18,0,0
BRDA:85,18,1,0
BRDA:88,19,0,0
BRDA:88,19,1,0
BRDA:91,20,0,0
BRDA:91,20,1,0
BRDA:94,21,0,0
BRDA:94,21,1,0
BRDA:112,22,0,0
BRDA:112,22,1,0
BRDA:117,23,0,0
BRDA:117,23,1,0
BRDA:120,24,0,0
BRDA:120,24,1,0
BRF:50
BRH:0
end_of_record
TN:
SF:/home/rampage/Desktop/work/repos/private/@gapi/gapi-core/development/decorators/gapi-module/gapi-module.symbol.ts
FNF:0
FNH:0
DA:1,7
LF:1
LH:1
BRF:0
BRH:0
end_of_record
TN:
SF:/home/rampage/Desktop/work/repos/private/@gapi/gapi-core/development/decorators/gapi-module/index.ts
FNF:0
FNH:0
DA:1,7
DA:2,7
DA:3,7
LF:3
LH:3
BRF:0
BRH:0
end_of_record
TN:
SF:/home/rampage/Desktop/work/repos/private/@gapi/gapi-core/development/decorators/gapi-mutation/gapi-mutation.ts
FN:6,Mutation
FN:7,(anonymous_1)
FN:11,(anonymous_2)
FNF:3
FNH:3
FNDA:1,Mutation
FNDA:1,(anonymous_1)
FNDA:1,(anonymous_2)
DA:1,7
DA:2,7
DA:6,7
DA:7,1
DA:8,1
DA:9,1
DA:10,1
DA:11,1
DA:12,1
DA:13,1
DA:14,1
DA:15,1
DA:16,1
DA:17,1
DA:18,1
DA:20,1
DA:23,1
LF:17
LH:17
BRDA:14,0,0,1
BRDA:14,0,1,0
BRF:2
BRH:1
end_of_record
TN:
SF:/home/rampage/Desktop/work/repos/private/@gapi/gapi-core/development/decorators/gapi-mutation/index.ts
FNF:0
FNH:0
DA:1,7
LF:1
LH:1
BRF:0
BRH:0
end_of_record
TN:
SF:/home/rampage/Desktop/work/repos/private/@gapi/gapi-core/development/decorators/gapi-object-type/gapi-object-type.ts
FN:9,GapiObjectType
FN:10,(anonymous_1)
FN:14,(anonymous_2)
FN:16,(anonymous_3)
FN:21,(anonymous_4)
FNF:5
FNH:4
FNDA:7,GapiObjectType
FNDA:7,(anonymous_1)
FNDA:11,(anonymous_2)
FNDA:0,(anonymous_3)
FNDA:9,(anonymous_4)
DA:2,7
DA:9,7
DA:10,7
DA:11,7
DA:12,7
DA:13,7
DA:14,11
DA:15,7
DA:16,0
DA:18,7
DA:19,1
DA:21,6
DA:22,9
LF:13
LH:12
BRDA:15,0,0,0
BRDA:15,0,1,7
BRDA:15,1,0,7
BRDA:15,1,1,0
BRDA:18,2,0,1
BRDA:18,2,1,6
BRDA:18,3,0,7
BRDA:18,3,1,1
BRDA:22,4,0,0
BRDA:22,4,1,9
BRDA:22,5,0,9
BRDA:22,5,1,0
BRF:12
BRH:8
end_of_record
TN:
SF:/home/rampage/Desktop/work/repos/private/@gapi/gapi-core/development/decorators/gapi-object-type/index.ts
FNF:0
FNH:0
DA:1,7
LF:1
LH:1
BRF:0
BRH:0
end_of_record
TN:
SF:/home/rampage/Desktop/work/repos/private/@gapi/gapi-core/development/decorators/gapi-of-type/gapi-of-type.decorator.ts
FN:5,OfType
FN:6,(anonymous_7)
FN:11,(anonymous_8)
FN:11,(anonymous_9)
FNF:4
FNH:0
FNDA:0,OfType
FNDA:0,(anonymous_7)
FNDA:0,(anonymous_8)
FNDA:0,(anonymous_9)
DA:1,7
DA:2,7
DA:3,7
DA:5,7
DA:6,0
DA:7,0
DA:8,0
DA:11,0
DA:12,0
DA:13,0
DA:14,0
LF:11
LH:4
BRF:0
BRH:0
end_of_record
TN:
SF:/home/rampage/Desktop/work/repos/private/@gapi/gapi-core/development/decorators/gapi-of-type/index.ts
FNF:0
FNH:0
DA:1,7
LF:1
LH:1
BRF:0
BRH:0
end_of_record
TN:
SF:/home/rampage/Desktop/work/repos/private/@gapi/gapi-core/development/decorators/gapi-public/gapi-public.decorator.ts
FN:5,Public
FN:7,(anonymous_1)
FN:12,(anonymous_2)
FNF:3
FNH:3
FNDA:1,Public
FNDA:1,(anonymous_1)
FNDA:1,(anonymous_2)
DA:1,7
DA:2,7
DA:5,7
DA:6,1
DA:7,1
DA:8,1
DA:9,1
DA:10,1
DA:11,1
DA:12,1
DA:13,1
DA:14,1
DA:15,1
DA:17,1
DA:18,1
LF:15
LH:15
BRF:0
BRH:0
end_of_record
TN:
SF:/home/rampage/Desktop/work/repos/private/@gapi/gapi-core/development/decorators/gapi-public/index.ts
FNF:0
FNH:0
DA:1,7
LF:1
LH:1
BRF:0
BRH:0
end_of_record
TN:
SF:/home/rampage/Desktop/work/repos/private/@gapi/gapi-core/development/decorators/gapi-query/gapi-query.ts
FN:6,Query
FN:7,(anonymous_1)
FN:11,(anonymous_2)
FNF:3
FNH:3
FNDA:5,Query
FNDA:5,(anonymous_1)
FNDA:5,(anonymous_2)
DA:1,7
DA:2,7
DA:6,7
DA:7,5
DA:8,5
DA:9,5
DA:10,5
DA:11,5
DA:12,5
DA:13,5
DA:14,5
DA:15,5
DA:16,5
DA:17,5
DA:18,5
DA:20,5
DA:23,5
LF:17
LH:17
BRDA:14,0,0,1
BRDA:14,0,1,4
BRF:2
BRH:2
end_of_record
TN:
SF:/home/rampage/Desktop/work/repos/private/@gapi/gapi-core/development/decorators/gapi-query/index.ts
FNF:0
FNH:0
DA:1,7
LF:1
LH:1
BRF:0
BRH:0
end_of_record
TN:
SF:/home/rampage/Desktop/work/repos/private/@gapi/gapi-core/development/decorators/gapi-resolver/gapi-resolver.decorator.ts
FN:10,Resolve
FN:11,(anonymous_1)
FNF:2
FNH:0
FNDA:0,Resolve
FNDA:0,(anonymous_1)
DA:10,7
DA:11,0
DA:12,0
DA:13,0
DA:14,0
DA:15,0
DA:16,0
DA:17,0
LF:8
LH:1
BRDA:14,0,0,0
BRDA:14,0,1,0
BRF:2
BRH:0
end_of_record
TN:
SF:/home/rampage/Desktop/work/repos/private/@gapi/gapi-core/development/decorators/gapi-resolver/index.ts
FNF:0
FNH:0
DA:1,7
LF:1
LH:1
BRF:0
BRH:0
end_of_record
TN:
SF:/home/rampage/Desktop/work/repos/private/@gapi/gapi-core/development/decorators/gapi-scope/gapi-scope.ts
FN:5,Scope
FN:8,(anonymous_1)
FN:13,(anonymous_2)
FNF:3
FNH:3
FNDA:3,Scope
FNDA:3,(anonymous_1)
FNDA:3,(anonymous_2)
DA:1,7
DA:2,7
DA:5,7
DA:6,3
DA:8,3
DA:9,3
DA:10,3
DA:11,3
DA:12,3
DA:13,3
DA:14,3
DA:15,3
DA:16,3
DA:18,3
DA:19,3
LF:15
LH:15
BRF:0
BRH:0
end_of_record
TN:
SF:/home/rampage/Desktop/work/repos/private/@gapi/gapi-core/development/decorators/gapi-scope/index.ts
FNF:0
FNH:0
DA:1,7
LF:1
LH:1
BRF:0
BRH:0
end_of_record
TN:
SF:/home/rampage/Desktop/work/repos/private/@gapi/gapi-core/development/decorators/gapi-subscribe/gapi-subscribe.ts
FN:6,Subscribe
FN:8,(anonymous_1)
FN:13,(anonymous_2)
FNF:3
FNH:0
FNDA:0,Subscribe
FNDA:0,(anonymous_1)
FNDA:0,(anonymous_2)
DA:1,7
DA:2,7
DA:6,7
DA:7,0
DA:8,0
DA:9,0
DA:10,0
DA:11,0
DA:12,0
DA:13,0
DA:14,0
DA:15,0
DA:16,0
DA:18,0
DA:19,0
LF:15
LH:3
BRF:0
BRH:0
end_of_record
TN:
SF:/home/rampage/Desktop/work/repos/private/@gapi/gapi-core/development/decorators/gapi-subscribe/index.ts
FNF:0
FNH:0
DA:1,7
LF:1
LH:1
BRF:0
BRH:0
end_of_record
TN:
SF:/home/rampage/Desktop/work/repos/private/@gapi/gapi-core/development/decorators/gapi-subscription/gapi-subscription.ts
FN:6,Subscription
FN:7,(anonymous_1)
FN:11,(anonymous_2)
FNF:3
FNH:0
FNDA:0,Subscription
FNDA:0,(anonymous_1)
FNDA:0,(anonymous_2)
DA:1,7
DA:2,7
DA:6,7
DA:7,0
DA:8,0
DA:9,0
DA:10,0
DA:11,0
DA:12,0
DA:13,0
DA:14,0
DA:15,0
DA:16,0
DA:17,0
DA:18,0
DA:20,0
DA:23,0
LF:17
LH:3
BRDA:14,0,0,0
BRDA:14,0,1,0
BRF:2
BRH:0
end_of_record
TN:
SF:/home/rampage/Desktop/work/repos/private/@gapi/gapi-core/development/decorators/gapi-subscription/index.ts
FNF:0
FNH:0
DA:1,7
LF:1
LH:1
BRF:0
BRH:0
end_of_record
TN:
SF:/home/rampage/Desktop/work/repos/private/@gapi/gapi-core/development/decorators/gapi-type/gapi-type.ts
FN:4,Type
FN:10,(anonymous_1)
FN:14,(anonymous_2)
FNF:3
FNH:3
FNDA:4,Type
FNDA:4,(anonymous_1)
FNDA:4,(anonymous_2)
DA:1,7
DA:2,7
DA:4,7
DA:5,4
DA:6,4
DA:7,4
DA:9,4
DA:10,4
DA:11,4
DA:12,4
DA:13,4
DA:14,4
DA:15,4
DA:16,4
DA:17,4
DA:19,4
DA:20,4
LF:17
LH:17
BRDA:6,0,0,4
BRDA:6,0,1,0
BRF:2
BRH:1
end_of_record
TN:
SF:/home/rampage/Desktop/work/repos/private/@gapi/gapi-core/development/decorators/gapi-type/index.ts
FNF:0
FNH:0
DA:1,7
LF:1
LH:1
BRF:0
BRH:0
end_of_record
TN:
SF:/home/rampage/Desktop/work/repos/private/@gapi/gapi-core/development/decorators/gapi-type-injector/gapi-type-injector.ts
FN:3,InjectTypePrivate
FN:12,TypeInjector
FN:13,(anonymous_2)
FN:19,InjectType
FNF:4
FNH:2
FNDA:3,InjectTypePrivate
FNDA:0,TypeInjector
FNDA:0,(anonymous_2)
FNDA:3,InjectType
DA:1,7
DA:4,3
DA:5,3
DA:6,1
DA:8,3
DA:12,7
DA:13,0
DA:14,0
DA:15,0
DA:19,7
DA:20,3
LF:11
LH:8
BRDA:5,0,0,1
BRDA:5,0,1,2
BRF:2
BRH:2
end_of_record
TN:
SF:/home/rampage/Desktop/work/repos/private/@gapi/gapi-core/development/decorators/gapi-type-injector/index.ts
FNF:0
FNH:0
DA:1,7
LF:1
LH:1
BRF:0
BRH:0
end_of_record
TN:
SF:/home/rampage/Desktop/work/repos/private/@gapi/gapi-core/development/modules/server/server.module.ts
FN:19,(anonymous_1)
FN:23,(anonymous_2)
FN:28,(anonymous_3)
FNF:3
FNH:0
FNDA:0,(anonymous_1)
FNDA:0,(anonymous_2)
FNDA:0,(anonymous_3)
DA:1,8
DA:5,8
DA:6,8
DA:15,8
DA:17,8
DA:20,0
DA:24,0
DA:25,0
DA:29,0
LF:9
LH:5
BRF:0
BRH:0
end_of_record
TN:
SF:/home/rampage/Desktop/work/repos/private/@gapi/gapi-core/development/utils/index.ts
FNF:0
FNH:0
DA:1,8
DA:2,8
DA:3,8
DA:4,8
DA:5,8
DA:6,8
DA:7,8
DA:8,8
DA:9,8
DA:10,8
DA:11,8
DA:12,8
DA:13,8
DA:14,8
DA:15,8
LF:15
LH:15
BRF:0
BRH:0
end_of_record
TN:
SF:/home/rampage/Desktop/work/repos/private/@gapi/gapi-core/development/utils/container/Container.ts
FN:39,(anonymous_0)
FN:43,(anonymous_1)
FN:74,(anonymous_2)
FN:100,(anonymous_3)
FN:120,(anonymous_4)
FN:152,(anonymous_5)
FN:160,(anonymous_6)
FN:168,(anonymous_7)
FN:170,(anonymous_8)
FN:178,(anonymous_9)
FN:186,(anonymous_10)
FN:194,(anonymous_11)
FNF:12
FNH:4
FNDA:55,(anonymous_0)
FNDA:0,(anonymous_1)
FNDA:7,(anonymous_2)
FNDA:55,(anonymous_3)
FNDA:0,(anonymous_4)
FNDA:105,(anonymous_5)
FNDA:0,(anonymous_6)
FNDA:0,(anonymous_7)
FNDA:0,(anonymous_8)
FNDA:0,(anonymous_9)
FNDA:0,(anonymous_10)
FNDA:0,(anonymous_11)
DA:6,8
DA:11,8
DA:20,8
DA:25,8
DA:30,8
DA:40,55
DA:41,55
DA:43,0
DA:44,0
DA:45,0
DA:46,0
DA:49,0
DA:75,7
DA:101,55
DA:121,0
DA:153,105
DA:154,105
DA:161,0
DA:162,0
DA:169,0
DA:170,0
DA:171,0
DA:172,0
DA:173,0
DA:177,0
DA:178,0
DA:180,0
DA:187,0
DA:188,0
DA:195,0
LF:30
LH:11
BRDA:40,0,0,55
BRDA:40,0,1,0
BRDA:44,1,0,0
BRDA:44,1,1,0
BRDA:169,2,0,0
BRDA:169,2,1,0
BRDA:171,3,0,0
BRDA:171,3,1,0
BRF:8
BRH:1
end_of_record
TN:
SF:/home/rampage/Desktop/work/repos/private/@gapi/gapi-core/development/utils/container/ContainerInstance.ts
FN:40,(anonymous_0)
FN:70,(anonymous_1)
FN:96,(anonymous_2)
FN:133,(anonymous_3)
FN:134,(anonymous_4)
FN:165,(anonymous_5)
FN:167,(anonymous_6)
FN:192,(anonymous_7)
FN:193,(anonymous_8)
FN:194,(anonymous_9)
FN:204,(anonymous_10)
FN:216,(anonymous_11)
FN:217,(anonymous_12)
FN:231,(anonymous_13)
FN:232,(anonymous_14)
FN:246,(anonymous_15)
FN:291,(anonymous_16)
FN:337,(anonymous_17)
FN:338,(anonymous_18)
FN:339,(anonymous_19)
FN:354,(anonymous_20)
FN:361,(anonymous_21)
FN:362,(anonymous_22)
FNF:23
FNH:8
FNDA:8,(anonymous_0)
FNDA:7,(anonymous_1)
FNDA:55,(anonymous_2)
FNDA:0,(anonymous_3)
FNDA:0,(anonymous_4)
FNDA:110,(anonymous_5)
FNDA:0,(anonymous_6)
FNDA:0,(anonymous_7)
FNDA:0,(anonymous_8)
FNDA:0,(anonymous_9)
FNDA:0,(anonymous_10)
FNDA:0,(anonymous_11)
FNDA:0,(anonymous_12)
FNDA:222,(anonymous_13)
FNDA:1578,(anonymous_14)
FNDA:55,(anonymous_15)
FNDA:0,(anonymous_16)
FNDA:0,(anonymous_17)
FNDA:0,(anonymous_18)
FNDA:0,(anonymous_19)
FNDA:0,(anonymous_20)
FNDA:39,(anonymous_21)
FNDA:0,(anonymous_22)
DA:3,8
DA:5,8
DA:6,8
DA:7,8
DA:9,8
DA:10,8
DA:16,8
DA:34,8
DA:41,8
DA:71,7
DA:98,55
DA:99,55
DA:100,55
DA:102,55
DA:103,0
DA:105,55
DA:106,48
DA:108,7
DA:109,0
DA:110,0
DA:111,0
DA:114,7
DA:134,0
DA:166,110
DA:167,0
DA:168,0
DA:170,110
DA:171,5
DA:173,105
DA:174,0
DA:178,105
DA:179,105
DA:180,105
DA:181,0
DA:183,105
DA:186,105
DA:193,0
DA:194,0
DA:195,0
DA:198,0
DA:205,0
DA:206,0
DA:217,0
DA:218,0
DA:219,0
DA:221,0
DA:222,0
DA:224,0
DA:232,222
DA:233,1578
DA:234,34
DA:236,1544
DA:237,656
DA:239,888
DA:249,55
DA:250,16
DA:254,39
DA:257,0
DA:260,39
DA:261,39
DA:262,32
DA:264,7
DA:265,0
DA:267,7
DA:268,7
DA:272,39
DA:273,7
DA:274,0
DA:276,7
DA:277,7
DA:281,39
DA:282,39
DA:286,39
DA:291,0
DA:293,0
DA:296,0
DA:299,0
DA:303,39
DA:304,0
DA:306,39
DA:311,39
DA:313,39
DA:315,39
DA:316,4
DA:319,39
DA:320,0
DA:321,0
DA:325,39
DA:326,39
DA:328,39
DA:329,39
DA:331,39
DA:338,0
DA:339,0
DA:340,0
DA:341,0
DA:343,0
DA:344,0
DA:347,0
DA:355,0
DA:362,39
DA:363,0
DA:364,0
DA:365,0
DA:367,0
LF:105
LH:62
BRDA:102,0,0,0
BRDA:102,0,1,55
BRDA:102,1,0,55
BRDA:102,1,1,48
BRDA:105,2,0,48
BRDA:105,2,1,7
BRDA:108,3,0,0
BRDA:108,3,1,7
BRDA:108,4,0,7
BRDA:108,4,1,0
BRDA:166,5,0,0
BRDA:166,5,1,110
BRDA:170,6,0,5
BRDA:170,6,1,105
BRDA:170,7,0,110
BRDA:170,7,1,105
BRDA:173,8,0,0
BRDA:173,8,1,105
BRDA:180,9,0,0
BRDA:180,9,1,105
BRDA:180,10,0,105
BRDA:180,10,1,0
BRDA:218,11,0,0
BRDA:218,11,1,0
BRDA:221,12,0,0
BRDA:221,12,1,0
BRDA:221,13,0,0
BRDA:221,13,1,0
BRDA:222,14,0,0
BRDA:222,14,1,0
BRDA:233,15,0,34
BRDA:233,15,1,1544
BRDA:236,16,0,656
BRDA:236,16,1,888
BRDA:236,17,0,1544
BRDA:236,17,1,1544
BRDA:249,18,0,16
BRDA:249,18,1,39
BRDA:249,19,0,55
BRDA:249,19,1,48
BRDA:249,19,2,48
BRDA:254,20,0,0
BRDA:254,20,1,39
BRDA:254,21,0,39
BRDA:254,21,1,32
BRDA:254,21,2,7
BRDA:254,21,3,0
BRDA:254,21,4,7
BRDA:254,21,5,7
BRDA:261,22,0,32
BRDA:261,22,1,7
BRDA:261,23,0,39
BRDA:261,23,1,32
BRDA:264,24,0,0
BRDA:264,24,1,7
BRDA:264,25,0,7
BRDA:264,25,1,0
BRDA:267,26,0,7
BRDA:267,26,1,0
BRDA:272,27,0,7
BRDA:272,27,1,32
BRDA:273,28,0,0
BRDA:273,28,1,7
BRDA:281,29,0,29
BRDA:281,29,1,10
BRDA:281,30,0,39
BRDA:281,30,1,39
BRDA:281,30,2,39
BRDA:282,31,0,0
BRDA:282,31,1,39
BRDA:286,32,0,0
BRDA:286,32,1,39
BRDA:293,33,0,0
BRDA:293,33,1,0
BRDA:303,34,0,0
BRDA:303,34,1,39
BRDA:315,35,0,4
BRDA:315,35,1,35
BRDA:319,36,0,0
BRDA:319,36,1,39
BRDA:325,37,0,39
BRDA:325,37,1,0
BRDA:325,38,0,39
BRDA:325,38,1,39
BRDA:325,38,2,39
BRDA:328,39,0,39
BRDA:328,39,1,0
BRDA:339,40,0,0
BRDA:339,40,1,0
BRDA:340,41,0,0
BRDA:340,41,1,0
BRDA:343,42,0,0
BRDA:343,42,1,0
BRDA:343,43,0,0
BRDA:343,43,1,0
BRDA:343,43,2,0
BRDA:363,44,0,0
BRDA:363,44,1,0
BRDA:364,45,0,0
BRDA:364,45,1,0
BRDA:364,46,0,0
BRDA:364,46,1,0
BRF:102
BRH:58
end_of_record
TN:
SF:/home/rampage/Desktop/work/repos/private/@gapi/gapi-core/development/utils/container/Token.ts
FN:10,(anonymous_0)
FNF:1
FNH:0
FNDA:0,(anonymous_0)
DA:5,8
DA:10,0
DA:15,8
LF:3
LH:2
BRF:0
BRH:0
end_of_record
TN:
SF:/home/rampage/Desktop/work/repos/private/@gapi/gapi-core/development/utils/container/index.ts
FNF:0
FNH:0
DA:1,8
DA:3,8
DA:4,8
DA:5,8
DA:6,8
DA:7,8
DA:8,8
DA:9,8
DA:10,8
DA:11,8
DA:12,8
DA:13,8
DA:14,8
DA:15,8
DA:16,8
LF:15
LH:15
BRF:0
BRH:0
end_of_record
TN:
SF:/home/rampage/Desktop/work/repos/private/@gapi/gapi-core/development/utils/container/decorators/GapiController.ts
FN:7,GapiController
FN:8,(anonymous_1)
FNF:2
FNH:2
FNDA:4,GapiController
FNDA:4,(anonymous_1)
DA:4,8
DA:5,8
DA:7,8
DA:8,4
DA:9,4
DA:10,4
DA:11,4
DA:15,4
DA:16,0
DA:17,0
DA:18,0
DA:20,4
DA:21,0
DA:22,0
DA:23,0
DA:24,0
DA:25,0
DA:27,4
LF:18
LH:10
BRDA:15,0,0,0
BRDA:15,0,1,4
BRDA:15,1,0,4
BRDA:15,1,1,4
BRDA:17,2,0,0
BRDA:17,2,1,0
BRDA:20,3,0,0
BRDA:20,3,1,4
BRDA:24,4,0,0
BRDA:24,4,1,0
BRF:10
BRH:4
end_of_record
TN:
SF:/home/rampage/Desktop/work/repos/private/@gapi/gapi-core/development/utils/container/decorators/GapiEffect.ts
FN:7,GapiEffect
FN:8,(anonymous_1)
FNF:2
FNH:0
FNDA:0,GapiEffect
FNDA:0,(anonymous_1)
DA:4,8
DA:5,8
DA:7,8
DA:8,0
DA:9,0
DA:10,0
DA:11,0
DA:15,0
DA:16,0
DA:17,0
DA:18,0
DA:20,0
DA:21,0
DA:22,0
DA:23,0
DA:24,0
DA:25,0
DA:27,0
LF:18
LH:3
BRDA:15,0,0,0
BRDA:15,0,1,0
BRDA:15,1,0,0
BRDA:15,1,1,0
BRDA:17,2,0,0
BRDA:17,2,1,0
BRDA:20,3,0,0
BRDA:20,3,1,0
BRDA:24,4,0,0
BRDA:24,4,1,0
BRF:10
BRH:0
end_of_record
TN:
SF:/home/rampage/Desktop/work/repos/private/@gapi/gapi-core/development/utils/container/decorators/Inject.ts
FN:24,Inject
FN:25,(anonymous_1)
FN:27,(anonymous_2)
FN:33,(anonymous_3)
FNF:4
FNH:0
FNDA:0,Inject
FNDA:0,(anonymous_1)
FNDA:0,(anonymous_2)
FNDA:0,(anonymous_3)
DA:1,8
DA:2,8
DA:3,8
DA:24,8
DA:25,0
DA:26,0
DA:27,0
DA:29,0
DA:35,0
DA:36,0
DA:38,0
DA:39,0
DA:42,0
DA:45,0
DA:46,0
DA:48,0
LF:16
LH:4
BRDA:26,0,0,0
BRDA:26,0,1,0
BRDA:35,1,0,0
BRDA:35,1,1,0
BRDA:38,2,0,0
BRDA:38,2,1,0
BRDA:45,3,0,0
BRDA:45,3,1,0
BRF:8
BRH:0
end_of_record
TN:
SF:/home/rampage/Desktop/work/repos/private/@gapi/gapi-core/development/utils/container/decorators/InjectMany.ts
FN:23,InjectMany
FN:24,(anonymous_1)
FN:27,(anonymous_2)
FN:33,(anonymous_3)
FNF:4
FNH:0
FNDA:0,InjectMany
FNDA:0,(anonymous_1)
FNDA:0,(anonymous_2)
FNDA:0,(anonymous_3)
DA:1,8
DA:2,8
DA:3,8
DA:23,8
DA:24,0
DA:26,0
DA:27,0
DA:29,0
DA:35,0
DA:36,0
DA:38,0
DA:39,0
DA:42,0
DA:45,0
DA:46,0
DA:48,0
LF:16
LH:4
BRDA:26,0,0,0
BRDA:26,0,1,0
BRDA:35,1,0,0
BRDA:35,1,1,0
BRDA:38,2,0,0
BRDA:38,2,1,0
BRDA:45,3,0,0
BRDA:45,3,1,0
BRF:8
BRH:0
end_of_record
TN:
SF:/home/rampage/Desktop/work/repos/private/@gapi/gapi-core/development/utils/container/decorators/Service.ts
FN:30,Service
FN:31,(anonymous_1)
FNF:2
FNH:2
FNDA:96,Service
FNDA:96,(anonymous_1)
DA:2,8
DA:4,8
DA:30,8
DA:31,96
DA:33,96
DA:37,96
DA:38,0
DA:39,0
DA:40,0
DA:41,0
DA:43,96
DA:44,0
DA:45,0
DA:46,0
DA:47,0
DA:48,0
DA:51,96
LF:17
LH:8
BRDA:37,0,0,0
BRDA:37,0,1,96
BRDA:37,1,0,96
BRDA:37,1,1,96
BRDA:40,2,0,0
BRDA:40,2,1,0
BRDA:43,3,0,0
BRDA:43,3,1,96
BRDA:47,4,0,0
BRDA:47,4,1,0
BRF:10
BRH:4
end_of_record
TN:
SF:/home/rampage/Desktop/work/repos/private/@gapi/gapi-core/development/utils/container/error/CannotInjectError.ts
FN:7,(anonymous_0)
FNF:1
FNH:0
FNDA:0,(anonymous_0)
DA:4,8
DA:5,0
DA:8,0
DA:12,0
LF:4
LH:1
BRF:0
BRH:0
end_of_record
TN:
SF:/home/rampage/Desktop/work/repos/private/@gapi/gapi-core/development/utils/container/error/MissingProvidedServiceTypeError.ts
FN:7,(anonymous_0)
FNF:1
FNH:0
FNDA:0,(anonymous_0)
DA:4,8
DA:5,0
DA:8,0
DA:9,0
LF:4
LH:1
BRF:0
BRH:0
end_of_record
TN:
SF:/home/rampage/Desktop/work/repos/private/@gapi/gapi-core/development/utils/container/error/ServiceNotFoundError.ts
FN:10,(anonymous_0)
FNF:1
FNH:0
FNDA:0,(anonymous_0)
DA:2,8
DA:7,8
DA:8,0
DA:11,0
DA:13,0
DA:14,0
DA:17,0
DA:18,0
DA:21,0
DA:22,0
DA:26,0
LF:11
LH:2
BRDA:13,0,0,0
BRDA:13,0,1,0
BRDA:17,1,0,0
BRDA:17,1,1,0
BRDA:17,2,0,0
BRDA:17,2,1,0
BRDA:21,3,0,0
BRDA:21,3,1,0
BRF:8
BRH:0
end_of_record
TN:
SF:/home/rampage/Desktop/work/repos/private/@gapi/gapi-core/development/utils/services/apollo/apollo.service.ts
FN:35,(anonymous_6)
FN:45,(anonymous_7)
FN:45,(anonymous_8)
FN:80,(anonymous_9)
FN:105,(anonymous_10)
FN:114,(anonymous_11)
FN:114,(anonymous_12)
FNF:7
FNH:0
FNDA:0,(anonymous_6)
FNDA:0,(anonymous_7)
FNDA:0,(anonymous_8)
FNDA:0,(anonymous_9)
FNDA:0,(anonymous_10)
FNDA:0,(anonymous_11)
FNDA:0,(anonymous_12)
DA:1,8
DA:3,8
DA:4,8
DA:9,8
DA:10,8
DA:33,8
DA:36,0
DA:37,0
DA:40,0
DA:45,0
DA:46,0
DA:47,0
DA:48,0
DA:49,0
DA:50,0
DA:52,0
DA:55,0
DA:57,0
DA:63,0
DA:64,0
DA:65,0
DA:67,0
DA:68,0
DA:71,0
DA:72,0
DA:73,0
DA:74,0
DA:75,0
DA:78,0
DA:79,0
DA:80,0
DA:81,0
DA:85,0
DA:86,0
DA:103,8
DA:106,0
DA:107,0
DA:110,0
DA:114,0
DA:115,0
DA:121,0
DA:122,0
DA:123,0
DA:129,8
LF:44
LH:8
BRDA:36,0,0,0
BRDA:36,0,1,0
BRDA:36,1,0,0
BRDA:36,1,1,0
BRDA:42,2,0,0
BRDA:42,2,1,0
BRDA:43,3,0,0
BRDA:43,3,1,0
BRDA:44,4,0,0
BRDA:44,4,1,0
BRDA:47,5,0,0
BRDA:47,5,1,0
BRDA:47,6,0,0
BRDA:47,6,1,0
BRDA:60,7,0,0
BRDA:60,7,1,0
BRDA:67,8,0,0
BRDA:67,8,1,0
BRDA:71,9,0,0
BRDA:71,9,1,0
BRDA:79,10,0,0
BRDA:79,10,1,0
BRDA:106,11,0,0
BRDA:106,11,1,0
BRDA:106,12,0,0
BRDA:106,12,1,0
BRDA:112,13,0,0
BRDA:112,13,1,0
BRDA:113,14,0,0
BRDA:113,14,1,0
BRF:30
BRH:0
end_of_record
TN:
SF:/home/rampage/Desktop/work/repos/private/@gapi/gapi-core/development/utils/services/apply/apply.service.ts
FN:5,(anonymous_0)
FN:7,(anonymous_1)
FN:10,(anonymous_2)
FN:13,(anonymous_3)
FN:18,GetType
FNF:5
FNH:0
FNDA:0,(anonymous_0)
FNDA:0,(anonymous_1)
FNDA:0,(anonymous_2)
FNDA:0,(anonymous_3)
FNDA:0,GetType
DA:1,8
DA:5,8
DA:6,0
DA:7,0
DA:9,0
DA:10,0
DA:12,0
DA:13,0
DA:18,8
DA:19,0
LF:10
LH:3
BRDA:6,0,0,0
BRDA:6,0,1,0
BRDA:9,1,0,0
BRDA:9,1,1,0
BRDA:12,2,0,0
BRDA:12,2,1,0
BRF:6
BRH:0
end_of_record
TN:
SF:/home/rampage/Desktop/work/repos/private/@gapi/gapi-core/development/utils/services/auth/auth.service.ts
FN:21,(anonymous_2)
FN:25,(anonymous_3)
FN:29,(anonymous_4)
FN:39,(anonymous_5)
FN:46,(anonymous_6)
FN:53,(anonymous_7)
FN:63,(anonymous_8)
FNF:7
FNH:0
FNDA:0,(anonymous_2)
FNDA:0,(anonymous_3)
FNDA:0,(anonymous_4)
FNDA:0,(anonymous_5)
FNDA:0,(anonymous_6)
FNDA:0,(anonymous_7)
FNDA:0,(anonymous_8)
DA:1,8
DA:3,8
DA:4,8
DA:5,8
DA:6,8
DA:17,8
DA:18,0
DA:22,0
DA:26,0
DA:31,0
DA:32,0
DA:34,0
DA:36,0
DA:40,0
DA:41,0
DA:42,0
DA:43,0
DA:47,0
DA:48,0
DA:49,0
DA:50,0
DA:55,0
DA:56,0
DA:57,0
DA:58,0
DA:60,0
DA:64,0
LF:27
LH:6
BRDA:57,0,0,0
BRDA:57,0,1,0
BRDA:22,1,0,8
BRDA:22,1,1,0
BRDA:22,2,0,8
BRF:5
BRH:2
end_of_record
TN:
SF:/home/rampage/Desktop/work/repos/private/@gapi/gapi-core/development/utils/services/bootstrap/bootstrap.service.ts
FN:17,getAllFields
FN:28,(anonymous_8)
FN:32,(anonymous_9)
FN:39,resolve
FN:45,(anonymous_12)
FN:55,generateType
FN:94,onExitProcess
FN:95,(anonymous_15)
FN:99,(anonymous_16)
FN:102,(anonymous_17)
FN:105,(anonymous_18)
FN:111,(anonymous_19)
FN:111,(anonymous_20)
FNF:13
FNH:0
FNDA:0,getAllFields
FNDA:0,(anonymous_8)
FNDA:0,(anonymous_9)
FNDA:0,resolve
FNDA:0,(anonymous_12)
FNDA:0,generateType
FNDA:0,onExitProcess
FNDA:0,(anonymous_15)
FNDA:0,(anonymous_16)
FNDA:0,(anonymous_17)
FNDA:0,(anonymous_18)
FNDA:0,(anonymous_19)
FNDA:0,(anonymous_20)
DA:1,8
DA:2,8
DA:4,8
DA:5,8
DA:6,8
DA:7,8
DA:8,8
DA:9,8
DA:10,8
DA:11,8
DA:13,8
DA:18,0
DA:19,0
DA:20,0
DA:25,0
DA:26,0
DA:27,0
DA:29,0
DA:32,0
DA:33,0
DA:34,0
DA:35,0
DA:36,0
DA:37,0
DA:38,0
DA:39,0
DA:40,0
DA:41,0
DA:42,0
DA:43,0
DA:44,0
DA:45,0
DA:46,0
DA:50,0
DA:56,0
DA:57,0
DA:59,0
DA:65,0
DA:70,0
DA:75,0
DA:80,0
DA:81,0
DA:86,0
DA:87,0
DA:89,0
DA:91,0
DA:95,0
DA:96,0
DA:97,0
DA:99,0
DA:100,0
DA:102,0
DA:103,0
DA:105,0
DA:106,0
DA:107,0
DA:111,8
DA:112,0
DA:113,0
DA:114,0
DA:115,0
DA:116,0
DA:117,0
DA:118,0
DA:119,0
DA:121,0
DA:123,0
DA:125,0
DA:126,0
DA:128,0
DA:130,0
DA:131,0
LF:72
LH:12
BRDA:35,0,0,0
BRDA:35,0,1,0
BRDA:43,1,0,0
BRDA:43,1,1,0
BRDA:43,2,0,0
BRDA:43,2,1,0
BRDA:45,3,0,0
BRDA:45,3,1,0
BRDA:56,4,0,0
BRDA:56,4,1,0
BRDA:118,5,0,0
BRDA:118,5,1,0
BRF:12
BRH:0
end_of_record
TN:
SF:/home/rampage/Desktop/work/repos/private/@gapi/gapi-core/development/utils/services/config/config.service.ts
FN:33,(anonymous_2)
FN:46,(anonymous_3)
FN:50,(anonymous_4)
FN:54,(anonymous_5)
FN:58,(anonymous_6)
FNF:5
FNH:0
FNDA:0,(anonymous_2)
FNDA:0,(anonymous_3)
FNDA:0,(anonymous_4)
FNDA:0,(anonymous_5)
FNDA:0,(anonymous_6)
DA:1,8
DA:6,8
DA:7,8
DA:8,8
DA:11,8
DA:13,0
DA:17,0
DA:34,0
DA:36,0
DA:37,0
DA:38,0
DA:40,0
DA:41,0
DA:42,0
DA:47,0
DA:51,0
DA:55,0
DA:59,0
DA:60,0
DA:61,0
DA:62,0
LF:21
LH:5
BRDA:14,0,0,0
BRDA:14,0,1,0
BRDA:15,1,0,0
BRDA:15,1,1,0
BRDA:18,2,0,0
BRDA:18,2,1,0
BRDA:23,3,0,0
BRDA:23,3,1,0
BRDA:23,3,2,0
BRDA:31,4,0,0
BRDA:31,4,1,0
BRDA:31,4,2,0
BRDA:37,5,0,0
BRDA:37,5,1,0
BRDA:34,6,0,8
BRDA:34,6,1,0
BRDA:34,7,0,8
BRF:17
BRH:2
end_of_record
TN:
SF:/home/rampage/Desktop/work/repos/private/@gapi/gapi-core/development/utils/services/connection-hook/connection-hook.service.ts
FN:3,(anonymous_1)
FN:11,(anonymous_2)
FN:15,(anonymous_3)
FNF:3
FNH:0
FNDA:0,(anonymous_1)
FNDA:0,(anonymous_2)
FNDA:0,(anonymous_3)
DA:1,8
DA:4,8
DA:6,0
DA:12,0
DA:16,0
LF:5
LH:2
BRF:0
BRH:0
end_of_record
TN:
SF:/home/rampage/Desktop/work/repos/private/@gapi/gapi-core/development/utils/services/controller-service/controller-hooks.ts
FN:2,(anonymous_0)
FN:5,(anonymous_1)
FN:7,(anonymous_2)
FN:11,(anonymous_3)
FN:19,(anonymous_4)
FNF:5
FNH:2
FNDA:8,(anonymous_0)
FNDA:0,(anonymous_1)
FNDA:4,(anonymous_2)
FNDA:0,(anonymous_3)
FNDA:0,(anonymous_4)
DA:2,8
DA:3,8
DA:8,4
DA:12,0
DA:13,0
DA:15,0
DA:20,0
DA:24,8
LF:8
LH:4
BRDA:12,0,0,0
BRDA:12,0,1,0
BRF:2
BRH:0
end_of_record
TN:
SF:/home/rampage/Desktop/work/repos/private/@gapi/gapi-core/development/utils/services/controller-service/controller.service.ts
FN:5,(anonymous_1)
FN:33,(anonymous_2)
FN:38,(anonymous_3)
FN:42,(anonymous_4)
FN:46,(anonymous_5)
FN:50,(anonymous_6)
FN:56,(anonymous_7)
FN:59,(anonymous_8)
FN:66,(anonymous_9)
FN:76,(anonymous_10)
FNF:10
FNH:5
FNDA:6,(anonymous_1)
FNDA:6,(anonymous_2)
FNDA:0,(anonymous_3)
FNDA:14,(anonymous_4)
FNDA:0,(anonymous_5)
FNDA:0,(anonymous_6)
FNDA:6,(anonymous_7)
FNDA:0,(anonymous_8)
FNDA:14,(anonymous_9)
FNDA:0,(anonymous_10)
DA:2,8
DA:3,8
DA:5,8
DA:6,6
DA:27,8
DA:29,6
DA:31,6
DA:32,6
DA:34,6
DA:35,6
DA:39,0
DA:43,14
DA:47,0
DA:51,0
DA:57,8
DA:58,6
DA:60,0
DA:61,0
DA:63,0
DA:67,14
DA:68,8
DA:70,6
DA:71,6
DA:77,0
LF:24
LH:17
BRDA:60,0,0,0
BRDA:60,0,1,0
BRDA:67,1,0,8
BRDA:67,1,1,6
BRF:4
BRH:2
end_of_record
TN:
SF:/home/rampage/Desktop/work/repos/private/@gapi/gapi-core/development/utils/services/effect-hook/effect-hooks.ts
FN:2,(anonymous_0)
FN:5,(anonymous_1)
FN:7,(anonymous_2)
FN:11,(anonymous_3)
FN:19,(anonymous_4)
FNF:5
FNH:1
FNDA:8,(anonymous_0)
FNDA:0,(anonymous_1)
FNDA:0,(anonymous_2)
FNDA:0,(anonymous_3)
FNDA:0,(anonymous_4)
DA:2,8
DA:3,8
DA:8,0
DA:12,0
DA:13,0
DA:15,0
DA:20,0
DA:24,8
LF:8
LH:3
BRDA:12,0,0,0
BRDA:12,0,1,0
BRF:2
BRH:0
end_of_record
TN:
SF:/home/rampage/Desktop/work/repos/private/@gapi/gapi-core/development/utils/services/error/error.service.ts
FN:174,(anonymous_0)
FN:178,(anonymous_1)
FN:179,(anonymous_2)
FN:204,createError
FN:205,guid
FN:206,s4
FN:221,(anonymous_6)
FN:226,transactionError
FNF:8
FNH:0
FNDA:0,(anonymous_0)
FNDA:0,(anonymous_1)
FNDA:0,(anonymous_2)
FNDA:0,createError
FNDA:0,guid
FNDA:0,s4
FNDA:0,(anonymous_6)
FNDA:0,transactionError
DA:1,8
DA:2,8
DA:38,8
DA:174,8
DA:176,0
DA:179,0
DA:194,8
DA:196,8
DA:202,8
DA:204,8
DA:207,0
DA:211,0
DA:214,0
DA:215,0
DA:216,0
DA:217,0
DA:218,0
DA:221,8
DA:222,0
DA:226,8
DA:227,0
DA:228,0
DA:231,0
DA:232,0
DA:235,0
DA:236,0
DA:237,0
DA:238,0
DA:240,0
LF:29
LH:10
BRDA:214,0,0,0
BRDA:214,0,1,0
BRDA:227,1,0,0
BRDA:227,1,1,0
BRDA:227,2,0,0
BRDA:227,2,1,0
BRDA:231,3,0,0
BRDA:231,3,1,0
BRDA:235,4,0,0
BRDA:235,4,1,0
BRDA:237,5,0,0
BRDA:237,5,1,0
BRF:12
BRH:0
end_of_record
TN:
SF:/home/rampage/Desktop/work/repos/private/@gapi/gapi-core/development/utils/services/events/index.ts
FNF:0
FNH:0
DA:1,8
DA:2,8
DA:3,8
LF:3
LH:3
BRF:0
BRH:0
end_of_record
TN:
SF:/home/rampage/Desktop/work/repos/private/@gapi/gapi-core/development/utils/services/events/ngx-events-layer.interfaces.ts
FN:6,(anonymous_0)
FNF:1
FNH:0
FNDA:0,(anonymous_0)
DA:6,8
DA:7,0
DA:8,0
DA:9,0
DA:10,0
LF:5
LH:1
BRF:0
BRH:0
end_of_record
TN:
SF:/home/rampage/Desktop/work/repos/private/@gapi/gapi-core/development/utils/services/events/ngx-events-layer.layer.ts
FN:32,(anonymous_0)
FN:36,(anonymous_1)
FN:16,(anonymous_2)
FN:28,(anonymous_3)
FN:45,(anonymous_4)
FN:51,(anonymous_5)
FN:52,(anonymous_6)
FN:55,(anonymous_7)
FN:61,(anonymous_8)
FN:69,(anonymous_9)
FN:72,(anonymous_10)
FN:86,(anonymous_11)
FN:88,(anonymous_12)
FN:91,(anonymous_13)
FN:94,(anonymous_14)
FN:95,(anonymous_15)
FN:108,(anonymous_16)
FN:109,(anonymous_17)
FN:109,(anonymous_18)
FN:112,(anonymous_19)
FN:114,(anonymous_20)
FN:115,(anonymous_21)
FNF:22
FNH:0
FNDA:0,(anonymous_0)
FNDA:0,(anonymous_1)
FNDA:0,(anonymous_2)
FNDA:0,(anonymous_3)
FNDA:0,(anonymous_4)
FNDA:0,(anonymous_5)
FNDA:0,(anonymous_6)
FNDA:0,(anonymous_7)
FNDA:0,(anonymous_8)
FNDA:0,(anonymous_9)
FNDA:0,(anonymous_10)
FNDA:0,(anonymous_11)
FNDA:0,(anonymous_12)
FNDA:0,(anonymous_13)
FNDA:0,(anonymous_14)
FNDA:0,(anonymous_15)
FNDA:0,(anonymous_16)
FNDA:0,(anonymous_17)
FNDA:0,(anonymous_18)
FNDA:0,(anonymous_19)
FNDA:0,(anonymous_20)
FNDA:0,(anonymous_21)
DA:2,8
DA:3,8
DA:6,8
DA:10,8
DA:12,0
DA:15,0
DA:17,0
DA:18,0
DA:19,0
DA:20,0
DA:21,0
DA:22,0
DA:23,0
DA:24,0
DA:29,0
DA:33,0
DA:34,0
DA:35,0
DA:36,0
DA:37,0
DA:38,0
DA:40,0
DA:42,0
DA:46,0
DA:47,0
DA:52,0
DA:56,0
DA:57,0
DA:62,0
DA:63,0
DA:65,0
DA:70,0
DA:71,0
DA:72,0
DA:73,0
DA:74,0
DA:81,0
DA:82,0
DA:83,0
DA:87,0
DA:88,0
DA:91,0
DA:95,0
DA:96,0
DA:97,0
DA:102,0
DA:104,0
DA:105,0
DA:109,0
DA:113,0
DA:115,0
DA:116,0
LF:52
LH:4
BRDA:35,0,0,0
BRDA:35,0,1,0
BRDA:37,1,0,0
BRDA:37,1,1,0
BRDA:38,2,0,0
BRDA:38,2,1,0
BRDA:17,3,0,0
BRDA:17,3,1,0
BRDA:19,4,0,0
BRDA:19,4,1,0
BRDA:21,5,0,0
BRDA:21,5,1,0
BRDA:23,6,0,0
BRDA:23,6,1,0
BRDA:46,7,0,0
BRDA:46,7,1,0
BRDA:56,8,0,0
BRDA:56,8,1,0
BRDA:62,9,0,0
BRDA:62,9,1,0
BRDA:73,10,0,0
BRDA:73,10,1,0
BRDA:96,11,0,0
BRDA:96,11,1,0
BRF:24
BRH:0
end_of_record
TN:
SF:/home/rampage/Desktop/work/repos/private/@gapi/gapi-core/development/utils/services/events/ngx-events-layer.service.ts
FN:15,(anonymous_1)
FN:22,(anonymous_2)
FN:26,(anonymous_3)
FN:38,(anonymous_4)
FN:46,(anonymous_5)
FN:55,(anonymous_6)
FN:64,(anonymous_7)
FN:71,(anonymous_8)
FN:73,(anonymous_9)
FN:78,(anonymous_10)
FN:80,(anonymous_11)
FN:83,(anonymous_12)
FN:86,(anonymous_13)
FN:90,(anonymous_14)
FN:92,(anonymous_15)
FN:95,(anonymous_16)
FN:98,(anonymous_17)
FN:100,(anonymous_18)
FN:106,(anonymous_19)
FN:110,(anonymous_20)
FN:113,(anonymous_21)
FN:114,(anonymous_22)
FN:115,(anonymous_23)
FN:119,(anonymous_24)
FNF:24
FNH:0
FNDA:0,(anonymous_1)
FNDA:0,(anonymous_2)
FNDA:0,(anonymous_3)
FNDA:0,(anonymous_4)
FNDA:0,(anonymous_5)
FNDA:0,(anonymous_6)
FNDA:0,(anonymous_7)
FNDA:0,(anonymous_8)
FNDA:0,(anonymous_9)
FNDA:0,(anonymous_10)
FNDA:0,(anonymous_11)
FNDA:0,(anonymous_12)
FNDA:0,(anonymous_13)
FNDA:0,(anonymous_14)
FNDA:0,(anonymous_15)
FNDA:0,(anonymous_16)
FNDA:0,(anonymous_17)
FNDA:0,(anonymous_18)
FNDA:0,(anonymous_19)
FNDA:0,(anonymous_20)
FNDA:0,(anonymous_21)
FNDA:0,(anonymous_22)
FNDA:0,(anonymous_23)
FNDA:0,(anonymous_24)
DA:1,8
DA:2,8
DA:3,8
DA:5,8
DA:8,8
DA:10,8
DA:16,8
DA:18,0
DA:19,0
DA:20,0
DA:23,0
DA:27,0
DA:28,0
DA:29,0
DA:30,0
DA:32,0
DA:33,0
DA:35,0
DA:39,0
DA:40,0
DA:41,0
DA:43,0
DA:47,0
DA:48,0
DA:49,0
DA:51,0
DA:52,0
DA:53,0
DA:54,0
DA:55,0
DA:56,0
DA:58,0
DA:59,0
DA:60,0
DA:61,0
DA:65,0
DA:66,0
DA:67,0
DA:72,0
DA:73,0
DA:74,0
DA:79,0
DA:80,0
DA:83,0
DA:87,0
DA:88,0
DA:89,0
DA:90,0
DA:92,0
DA:96,0
DA:97,0
DA:98,0
DA:99,0
DA:100,0
DA:101,0
DA:103,0
DA:107,0
DA:112,0
DA:114,0
DA:115,0
DA:116,0
DA:117,0
DA:119,0
DA:121,0
LF:64
LH:7
BRDA:35,0,0,0
BRDA:35,0,1,0
BRDA:40,1,0,0
BRDA:40,1,1,0
BRDA:48,2,0,0
BRDA:48,2,1,0
BRDA:51,3,0,0
BRDA:51,3,1,0
BRDA:52,4,0,0
BRDA:52,4,1,0
BRDA:54,5,0,0
BRDA:54,5,1,0
BRDA:54,6,0,0
BRDA:54,6,1,0
BRDA:66,7,0,0
BRDA:66,7,1,0
BRDA:66,8,0,0
BRDA:66,8,1,0
BRDA:81,9,0,0
BRDA:81,9,1,0
BRDA:88,10,0,0
BRDA:88,10,1,0
BRDA:116,11,0,0
BRDA:116,11,1,0
BRF:24
BRH:0
end_of_record
TN:
SF:/home/rampage/Desktop/work/repos/private/@gapi/gapi-core/development/utils/services/file/file.service.ts
FN:7,(anonymous_1)
FNF:1
FNH:0
FNDA:0,(anonymous_1)
DA:1,8
DA:2,8
DA:3,8
DA:6,8
DA:8,0
DA:18,0
DA:19,0
DA:20,0
LF:8
LH:4
BRDA:18,0,0,0
BRDA:18,0,1,0
BRF:2
BRH:0
end_of_record
TN:
SF:/home/rampage/Desktop/work/repos/private/@gapi/gapi-core/development/utils/services/file/index.ts
FNF:0
FNH:0
DA:1,8
LF:1
LH:1
BRF:0
BRH:0
end_of_record
TN:
SF:/home/rampage/Desktop/work/repos/private/@gapi/gapi-core/development/utils/services/hook/hook.service.ts
FN:5,MakeError
FN:10,(anonymous_7)
FN:11,(anonymous_8)
FN:16,(anonymous_9)
FN:24,(anonymous_10)
FN:25,(anonymous_11)
FN:27,(anonymous_12)
FN:30,(anonymous_13)
FN:33,(anonymous_14)
FN:36,(anonymous_15)
FN:36,(anonymous_16)
FNF:11
FNH:0
FNDA:0,MakeError
FNDA:0,(anonymous_7)
FNDA:0,(anonymous_8)
FNDA:0,(anonymous_9)
FNDA:0,(anonymous_10)
FNDA:0,(anonymous_11)
FNDA:0,(anonymous_12)
FNDA:0,(anonymous_13)
FNDA:0,(anonymous_14)
FNDA:0,(anonymous_15)
FNDA:0,(anonymous_16)
DA:1,8
DA:2,8
DA:3,8
DA:6,0
DA:9,8
DA:11,0
DA:12,0
DA:13,0
DA:15,0
DA:16,0
DA:17,0
DA:18,0
DA:19,0
DA:25,0
DA:28,0
DA:31,0
DA:34,0
DA:35,0
DA:36,0
DA:37,0
DA:38,0
LF:21
LH:4
BRDA:12,0,0,0
BRDA:12,0,1,0
BRDA:17,1,0,0
BRDA:17,1,1,0
BRDA:17,2,0,0
BRDA:17,2,1,0
BRDA:18,3,0,0
BRDA:18,3,1,0
BRDA:25,4,0,0
BRDA:25,4,1,0
BRDA:25,5,0,0
BRDA:25,5,1,0
BRDA:34,6,0,0
BRDA:34,6,1,0
BRF:14
BRH:0
end_of_record
TN:
SF:/home/rampage/Desktop/work/repos/private/@gapi/gapi-core/development/utils/services/module/module.service.ts
FN:13,(anonymous_7)
FN:18,(anonymous_8)
FN:20,(anonymous_10)
FN:29,(anonymous_11)
FN:30,(anonymous_13)
FN:33,(anonymous_14)
FN:41,(anonymous_15)
FN:52,(anonymous_16)
FN:55,(anonymous_17)
FN:63,(anonymous_18)
FNF:10
FNH:1
FNDA:0,(anonymous_7)
FNDA:0,(anonymous_8)
FNDA:0,(anonymous_10)
FNDA:0,(anonymous_11)
FNDA:0,(anonymous_13)
FNDA:0,(anonymous_14)
FNDA:0,(anonymous_15)
FNDA:7,(anonymous_16)
FNDA:0,(anonymous_17)
FNDA:0,(anonymous_18)
DA:2,8
DA:5,8
DA:6,8
DA:8,8
DA:11,0
DA:14,0
DA:15,0
DA:19,0
DA:20,0
DA:21,0
DA:23,0
DA:24,0
DA:26,0
DA:30,0
DA:31,0
DA:32,0
DA:33,0
DA:34,0
DA:37,0
DA:40,0
DA:41,0
DA:42,0
DA:43,0
DA:45,0
DA:46,0
DA:48,0
DA:53,8
DA:54,7
DA:56,0
DA:57,0
DA:59,0
DA:64,0
DA:65,0
DA:67,0
DA:68,0
LF:35
LH:6
BRDA:34,0,0,0
BRDA:34,0,1,0
BRDA:56,1,0,0
BRDA:56,1,1,0
BRDA:64,2,0,0
BRDA:64,2,1,0
BRF:6
BRH:0
end_of_record
TN:
SF:/home/rampage/Desktop/work/repos/private/@gapi/gapi-core/development/utils/services/plugin/plugin.service.ts
FN:5,(anonymous_1)
FN:10,(anonymous_2)
FN:14,(anonymous_3)
FNF:3
FNH:1
FNDA:7,(anonymous_1)
FNDA:0,(anonymous_2)
FNDA:0,(anonymous_3)
DA:1,8
DA:2,8
DA:6,8
DA:8,7
DA:11,0
DA:15,0
LF:6
LH:4
BRF:0
BRH:0
end_of_record
TN:
SF:/home/rampage/Desktop/work/repos/private/@gapi/gapi-core/development/utils/services/pub-sub/pub-sub.service.ts
FN:18,(anonymous_2)
FN:36,(anonymous_3)
FN:39,(anonymous_4)
FNF:3
FNH:0
FNDA:0,(anonymous_2)
FNDA:0,(anonymous_3)
FNDA:0,(anonymous_4)
DA:1,8
DA:2,8
DA:3,8
DA:5,8
DA:6,8
DA:10,8
DA:16,8
DA:19,0
DA:20,0
DA:22,0
DA:23,0
DA:24,0
DA:25,0
DA:33,0
DA:37,0
DA:40,0
LF:16
LH:7
BRDA:22,0,0,0
BRDA:22,0,1,0
BRDA:24,1,0,0
BRDA:24,1,1,0
BRDA:27,2,0,0
BRDA:27,2,1,0
BRDA:28,3,0,0
BRDA:28,3,1,0
BRDA:20,4,0,8
BRDA:20,4,1,0
BRDA:20,5,0,8
BRF:11
BRH:2
end_of_record
TN:
SF:/home/rampage/Desktop/work/repos/private/@gapi/gapi-core/development/utils/services/schema/schema.service.ts
FN:6,(anonymous_1)
FNF:1
FNH:0
FNDA:0,(anonymous_1)
DA:1,8
DA:2,8
DA:5,8
DA:7,0
DA:8,0
DA:9,0
DA:11,0
DA:12,0
DA:14,0
DA:15,0
DA:17,0
LF:11
LH:3
BRDA:8,0,0,0
BRDA:8,0,1,0
BRDA:11,1,0,0
BRDA:11,1,1,0
BRDA:14,2,0,0
BRDA:14,2,1,0
BRF:6
BRH:0
end_of_record
TN:
SF:/home/rampage/Desktop/work/repos/private/@gapi/gapi-core/development/utils/services/server/server.service.ts
FN:22,(anonymous_7)
FN:28,(anonymous_9)
FN:72,(anonymous_11)
FN:98,(anonymous_13)
FN:103,(anonymous_15)
FN:103,(anonymous_16)
FN:115,(anonymous_17)
FN:144,(anonymous_18)
FN:149,exitHandler
FN:155,(anonymous_20)
FNF:10
FNH:0
FNDA:0,(anonymous_7)
FNDA:0,(anonymous_9)
FNDA:0,(anonymous_11)
FNDA:0,(anonymous_13)
FNDA:0,(anonymous_15)
FNDA:0,(anonymous_16)
FNDA:0,(anonymous_17)
FNDA:0,(anonymous_18)
FNDA:0,exitHandler
FNDA:0,(anonymous_20)
DA:1,8
DA:2,8
DA:3,8
DA:4,8
DA:5,8
DA:6,8
DA:7,8
DA:8,8
DA:15,8
DA:18,8
DA:23,0
DA:24,0
DA:29,0
DA:30,0
DA:31,0
DA:56,0
DA:73,0
DA:94,0
DA:99,0
DA:100,0
DA:101,0
DA:102,0
DA:103,0
DA:104,0
DA:105,0
DA:106,0
DA:112,0
DA:116,0
DA:129,0
DA:134,0
DA:135,0
DA:141,0
DA:145,0
DA:150,0
DA:151,0
DA:152,0
DA:153,0
DA:155,0
DA:160,8
DA:163,8
DA:166,8
DA:167,8
DA:170,8
LF:43
LH:15
BRDA:30,0,0,0
BRDA:30,0,1,0
BRDA:37,1,0,0
BRDA:37,1,1,0
BRDA:40,2,0,0
BRDA:40,2,1,0
BRDA:41,3,0,0
BRDA:41,3,1,0
BRDA:43,4,0,0
BRDA:43,4,1,0
BRDA:44,5,0,0
BRDA:44,5,1,0
BRDA:44,5,2,0
BRDA:50,6,0,0
BRDA:50,6,1,0
BRDA:132,7,0,0
BRDA:132,7,1,0
BRDA:134,8,0,0
BRDA:134,8,1,0
BRDA:150,9,0,0
BRDA:150,9,1,0
BRDA:151,10,0,0
BRDA:151,10,1,0
BRDA:152,11,0,0
BRDA:152,11,1,0
BRF:25
BRH:0
end_of_record
